IQ-TREE multicore version 1.6.1 for Linux 64-bit built Feb 16 2018
Developed by Bui Quang Minh, Nguyen Lam Tung, Olga Chernomor,
Heiko Schmidt, Dominik Schrempf, Michael Woodhams.

Host:    chrf-craze (AVX512, FMA3, 251 GB RAM)
Command: iqtree -s all_tetra_parvo.fa
Seed:    355399 (Using SPRNG - Scalable Parallel Random Number Generator)
Time:    Tue Apr 19 13:43:31 2022
Kernel:  AVX+FMA - 1 threads (96 CPU cores detected)

HINT: Use -nt option to specify number of threads because your CPU has 96 cores!
HINT: -nt AUTO will automatically determine the best number of threads to use.

Reading alignment file all_tetra_parvo.fa ... Fasta format detected
Alignment most likely contains DNA/RNA sequences
WARNING: 4 sites contain only gaps or ambiguous characters.
Alignment has 48 sequences with 4877 columns, 38 distinct patterns
37 parsimony-informative, 62 singleton sites, 4778 constant sites
                   Gap/Ambiguity  Composition  p-value
   1  AY622943.raw         0.08%    passed    100.00%
   2  CHRF_BD0003.raw      0.08%    passed     99.47%
   3  CHRF_RNA_0012.raw    0.08%    passed     99.72%
   4  CHRF_RNA_0015.raw    0.08%    passed     98.70%
   5  CSF_0003.raw         0.08%    passed    100.00%
   6  CSF_0004.raw         0.08%    passed    100.00%
   7  CSF_0016.raw         0.08%    passed    100.00%
   8  CSF_0017.raw         0.08%    passed    100.00%
   9  CSF_0018.raw         0.08%    passed    100.00%
  10  CSF_0019.raw         0.08%    passed    100.00%
  11  CSF_0023.raw         0.08%    passed    100.00%
  12  CSF_0026.raw         0.08%    passed    100.00%
  13  DQ873386.raw         0.08%    passed    100.00%
  14  DQ873387.raw         0.08%    passed    100.00%
  15  DQ873388.raw         0.08%    passed    100.00%
  16  DQ873389.raw         0.08%    passed    100.00%
  17  DQ873390.raw         0.08%    passed    100.00%
  18  DQ873391.raw         0.08%    passed    100.00%
  19  EU175855.raw         0.08%    passed    100.00%
  20  EU175856.raw         0.08%    passed    100.00%
  21  EU200667.raw         0.08%    passed    100.00%
  22  EU546204.raw         0.08%    passed    100.00%
  23  EU546205.raw         0.08%    passed    100.00%
  24  EU546206.raw         0.08%    passed    100.00%
  25  EU546207.raw         0.08%    passed    100.00%
  26  EU546210.raw         0.08%    passed    100.00%
  27  EU546211.raw         0.08%    passed    100.00%
  28  EU874248.raw         0.08%    passed    100.00%
  29  HQ113143.raw         0.08%    passed    100.00%
  30  HQ593530.raw         0.08%    passed    100.00%
  31  HQ593531.raw         0.08%    passed    100.00%
  32  HQ593532.raw         0.08%    passed    100.00%
  33  JN183921.raw         0.08%    passed    100.00%
  34  JN183922.raw         0.08%    passed    100.00%
  35  JN183925.raw         0.08%    passed    100.00%
  36  JN798192.raw         0.08%    passed    100.00%
  37  JN798193.raw         0.08%    passed    100.00%
  38  JN798194.raw         0.08%    passed    100.00%
  39  JN798195.raw         0.08%    passed    100.00%
  40  JN798196.raw         0.08%    passed    100.00%
  41  JN798203.raw         0.08%    passed    100.00%
  42  KJ541119.raw         0.08%    passed    100.00%
  43  KJ541120.raw         0.08%    passed    100.00%
  44  KJ541121.raw         0.08%    passed    100.00%
  45  KM390024.raw         0.08%    passed    100.00%
  46  KU871314.raw         0.08%    passed    100.00%
  47  KU871315.raw         0.08%    passed    100.00%
  48  MH215556.raw         0.08%    passed    100.00%
****  TOTAL                0.08%  0 sequences failed composition chi2 test (p-value<5%; df=3)
NOTE: CSF_0003.raw is identical to AY622943.raw but kept for subsequent analysis
NOTE: 43 identical sequences (see below) will be ignored for subsequent analysis
NOTE: CSF_0004.raw (identical to AY622943.raw) is ignored but added at the end
NOTE: CSF_0016.raw (identical to AY622943.raw) is ignored but added at the end
NOTE: CSF_0017.raw (identical to AY622943.raw) is ignored but added at the end
NOTE: CSF_0018.raw (identical to AY622943.raw) is ignored but added at the end
NOTE: CSF_0019.raw (identical to AY622943.raw) is ignored but added at the end
NOTE: CSF_0023.raw (identical to AY622943.raw) is ignored but added at the end
NOTE: CSF_0026.raw (identical to AY622943.raw) is ignored but added at the end
NOTE: DQ873386.raw (identical to AY622943.raw) is ignored but added at the end
NOTE: DQ873387.raw (identical to AY622943.raw) is ignored but added at the end
NOTE: DQ873388.raw (identical to AY622943.raw) is ignored but added at the end
NOTE: DQ873389.raw (identical to AY622943.raw) is ignored but added at the end
NOTE: DQ873390.raw (identical to AY622943.raw) is ignored but added at the end
NOTE: DQ873391.raw (identical to AY622943.raw) is ignored but added at the end
NOTE: EU175855.raw (identical to AY622943.raw) is ignored but added at the end
NOTE: EU175856.raw (identical to AY622943.raw) is ignored but added at the end
NOTE: EU200667.raw (identical to AY622943.raw) is ignored but added at the end
NOTE: EU546204.raw (identical to AY622943.raw) is ignored but added at the end
NOTE: EU546205.raw (identical to AY622943.raw) is ignored but added at the end
NOTE: EU546206.raw (identical to AY622943.raw) is ignored but added at the end
NOTE: EU546207.raw (identical to AY622943.raw) is ignored but added at the end
NOTE: EU546210.raw (identical to AY622943.raw) is ignored but added at the end
NOTE: EU546211.raw (identical to AY622943.raw) is ignored but added at the end
NOTE: EU874248.raw (identical to AY622943.raw) is ignored but added at the end
NOTE: HQ113143.raw (identical to AY622943.raw) is ignored but added at the end
NOTE: HQ593530.raw (identical to AY622943.raw) is ignored but added at the end
NOTE: HQ593531.raw (identical to AY622943.raw) is ignored but added at the end
NOTE: HQ593532.raw (identical to AY622943.raw) is ignored but added at the end
NOTE: JN183921.raw (identical to AY622943.raw) is ignored but added at the end
NOTE: JN183922.raw (identical to AY622943.raw) is ignored but added at the end
NOTE: JN183925.raw (identical to AY622943.raw) is ignored but added at the end
NOTE: JN798192.raw (identical to AY622943.raw) is ignored but added at the end
NOTE: JN798193.raw (identical to AY622943.raw) is ignored but added at the end
NOTE: JN798194.raw (identical to AY622943.raw) is ignored but added at the end
NOTE: JN798195.raw (identical to AY622943.raw) is ignored but added at the end
NOTE: JN798196.raw (identical to AY622943.raw) is ignored but added at the end
NOTE: JN798203.raw (identical to AY622943.raw) is ignored but added at the end
NOTE: KJ541119.raw (identical to AY622943.raw) is ignored but added at the end
NOTE: KJ541120.raw (identical to AY622943.raw) is ignored but added at the end
NOTE: KJ541121.raw (identical to AY622943.raw) is ignored but added at the end
NOTE: KM390024.raw (identical to AY622943.raw) is ignored but added at the end
NOTE: KU871314.raw (identical to AY622943.raw) is ignored but added at the end
NOTE: KU871315.raw (identical to AY622943.raw) is ignored but added at the end
NOTE: MH215556.raw (identical to AY622943.raw) is ignored but added at the end

For your convenience alignment with unique sequences printed to all_tetra_parvo.fa.uniqueseq.phy


Create initial parsimony tree by phylogenetic likelihood library (PLL)... 0.000 seconds
NOTE: ModelFinder requires 0 MB RAM!
ModelFinder will test 286 DNA models (sample size: 4877) ...
 No. Model         -LnL         df  AIC          AICc         BIC
  1  JC            7466.552     7   14947.105    14947.128    14992.551
  2  JC+I          7466.290     8   14948.581    14948.610    15000.519
  3  JC+G4         7466.291     8   14948.581    14948.611    15000.520
  4  JC+I+G4       7466.291     9   14950.581    14950.618    15009.012
  5  JC+R2         7466.370     9   14950.739    14950.776    15009.170
  6  JC+R3         7466.335     11  14954.671    14954.725    15026.086
 14  F81+F         7430.057     10  14880.114    14880.160    14945.037
 15  F81+F+I       7429.814     11  14881.627    14881.681    14953.042
 16  F81+F+G4      7429.814     11  14881.628    14881.682    14953.043
 17  F81+F+I+G4    7429.814     12  14883.627    14883.692    14961.535
 18  F81+F+R2      7429.880     12  14883.761    14883.825    14961.668
 19  F81+F+R3      7429.849     14  14887.697    14887.784    14978.589
 27  K2P           7435.983     8   14887.966    14887.995    14939.904
 28  K2P+I         7435.526     9   14889.051    14889.088    14947.482
 29  K2P+G4        7435.526     9   14889.052    14889.089    14947.483
 30  K2P+I+G4      7435.527     10  14891.053    14891.099    14955.976
 31  K2P+R2        7435.738     10  14891.475    14891.521    14956.398
 32  K2P+R3        7435.680     12  14895.360    14895.424    14973.267
 40  HKY+F         7398.994     11  14819.988    14820.043    14891.404
 41  HKY+F+I       7398.573     12  14821.147    14821.211    14899.054
 42  HKY+F+G4      7398.574     12  14821.148    14821.212    14899.055
 43  HKY+F+I+G4    7398.574     13  14823.148    14823.223    14907.548
 44  HKY+F+R2      7398.756     13  14823.512    14823.587    14907.912
 45  HKY+F+R3      7398.699     15  14827.399    14827.498    14924.783
 53  TNe           7434.213     9   14886.425    14886.462    14944.856
 54  TNe+I         7433.732     10  14887.465    14887.510    14952.387
 55  TNe+G4        7433.734     10  14887.468    14887.513    14952.391
 56  TNe+I+G4      7433.736     11  14889.471    14889.525    14960.886
 57  TNe+R2        7433.956     11  14889.912    14889.966    14961.327
 58  TNe+R3        7433.892     13  14893.784    14893.858    14978.183
 66  TN+F          7396.716     12  14817.432    14817.496    14895.339
 67  TN+F+I        7396.273     13  14818.546    14818.621    14902.946
 68  TN+F+G4       7396.272     13  14818.544    14818.618    14902.943
 69  TN+F+I+G4     7396.272     14  14820.543    14820.630    14911.435
 70  TN+F+R2       7396.461     14  14820.921    14821.008    14911.813
 71  TN+F+R3       7396.399     16  14824.797    14824.909    14928.674
 79  K3P           7435.794     9   14889.587    14889.624    14948.018
 80  K3P+I         7435.344     10  14890.688    14890.733    14955.610
 81  K3P+G4        7435.340     10  14890.680    14890.725    14955.603
 82  K3P+I+G4      7435.340     11  14892.679    14892.733    14964.094
 83  K3P+R2        7435.536     11  14893.073    14893.127    14964.488
 84  K3P+R3        7435.471     13  14896.941    14897.016    14981.341
 92  K3Pu+F        7398.846     12  14821.692    14821.756    14899.600
 93  K3Pu+F+I      7398.429     13  14822.858    14822.933    14907.258
 94  K3Pu+F+G4     7398.428     13  14822.856    14822.931    14907.256
 95  K3Pu+F+I+G4   7398.428     14  14824.857    14824.943    14915.749
 96  K3Pu+F+R2     7398.599     14  14825.198    14825.284    14916.090
 97  K3Pu+F+R3     7398.535     16  14829.071    14829.183    14932.947
105  TPM2+F        7398.837     12  14821.674    14821.738    14899.581
106  TPM2+F+I      7398.413     13  14822.826    14822.901    14907.226
107  TPM2+F+G4     7398.413     13  14822.826    14822.901    14907.226
108  TPM2+F+I+G4   7398.413     14  14824.825    14824.912    14915.717
109  TPM2+F+R2     7398.588     14  14825.176    14825.262    14916.068
110  TPM2+F+R3     7398.522     16  14829.044    14829.156    14932.920
118  TPM2u+F       7398.840     12  14821.680    14821.744    14899.588
119  TPM2u+F+I     7398.420     13  14822.839    14822.914    14907.239
120  TPM2u+F+G4    7398.419     13  14822.838    14822.913    14907.238
121  TPM2u+F+I+G4  7398.417     14  14824.834    14824.920    14915.726
122  TPM2u+F+R2    7398.594     14  14825.187    14825.274    14916.079
123  TPM2u+F+R3    7398.523     16  14829.047    14829.159    14932.923
131  TPM3+F        7398.660     12  14821.321    14821.385    14899.228
132  TPM3+F+I      7398.253     13  14822.506    14822.580    14906.905
133  TPM3+F+G4     7398.249     13  14822.497    14822.572    14906.897
134  TPM3+F+I+G4   7398.247     14  14824.494    14824.580    14915.386
135  TPM3+F+R2     7398.404     14  14824.809    14824.895    14915.701
136  TPM3+F+R3     7398.338     16  14828.675    14828.787    14932.552
144  TPM3u+F       7398.655     12  14821.310    14821.374    14899.217
145  TPM3u+F+I     7398.245     13  14822.489    14822.564    14906.889
146  TPM3u+F+G4    7398.244     13  14822.487    14822.562    14906.887
147  TPM3u+F+I+G4  7398.243     14  14824.487    14824.573    14915.379
148  TPM3u+F+R2    7398.401     14  14824.802    14824.888    14915.694
149  TPM3u+F+R3    7398.333     16  14828.666    14828.778    14932.542
157  TIMe          7434.052     10  14888.105    14888.150    14953.028
158  TIMe+I        7433.576     11  14889.152    14889.206    14960.567
159  TIMe+G4       7433.547     11  14889.094    14889.149    14960.509
160  TIMe+I+G4     7433.544     12  14891.089    14891.153    14968.996
161  TIMe+R2       7433.743     12  14891.486    14891.550    14969.393
162  TIMe+R3       7433.665     14  14895.330    14895.416    14986.222
170  TIM+F         7396.570     13  14819.140    14819.215    14903.539
171  TIM+F+I       7396.126     14  14820.252    14820.338    14911.144
172  TIM+F+G4      7396.124     14  14820.247    14820.334    14911.139
173  TIM+F+I+G4    7396.124     15  14822.248    14822.347    14919.633
174  TIM+F+R2      7396.294     15  14822.588    14822.686    14919.972
175  TIM+F+R3      7396.220     17  14826.439    14826.565    14936.808
183  TIM2e         7434.192     10  14888.384    14888.429    14953.307
184  TIM2e+I       7433.704     11  14889.408    14889.462    14960.823
185  TIM2e+G4      7433.704     11  14889.409    14889.463    14960.824
186  TIM2e+I+G4    7433.705     12  14891.410    14891.474    14969.317
187  TIM2e+R2      7433.908     12  14891.817    14891.881    14969.724
188  TIM2e+R3      7433.825     14  14895.650    14895.736    14986.542
196  TIM2+F        7396.565     13  14819.130    14819.205    14903.530
197  TIM2+F+I      7396.113     14  14820.226    14820.313    14911.118
198  TIM2+F+G4     7396.113     14  14820.227    14820.313    14911.119
199  TIM2+F+I+G4   7396.114     15  14822.228    14822.327    14919.612
200  TIM2+F+R2     7396.292     15  14822.584    14822.682    14919.968
201  TIM2+F+R3     7396.211     17  14826.423    14826.549    14936.792
209  TIM3e         7434.100     10  14888.200    14888.246    14953.123
210  TIM3e+I       7433.636     11  14889.272    14889.326    14960.687
211  TIM3e+G4      7433.635     11  14889.270    14889.324    14960.685
212  TIM3e+I+G4    7433.635     12  14891.271    14891.335    14969.178
213  TIM3e+R2      7433.820     12  14891.641    14891.705    14969.548
214  TIM3e+R3      7433.738     14  14895.475    14895.561    14986.367
222  TIM3+F        7396.405     13  14818.809    14818.884    14903.209
223  TIM3+F+I      7395.986     14  14819.973    14820.059    14910.865
224  TIM3+F+G4     7395.949     14  14819.898    14819.984    14910.790
225  TIM3+F+I+G4   7395.949     15  14821.898    14821.997    14919.282
226  TIM3+F+R2     7396.103     15  14822.207    14822.306    14919.591
227  TIM3+F+R3     7396.026     17  14826.052    14826.178    14936.420
235  TVMe          7435.636     11  14893.273    14893.327    14964.688
236  TVMe+I        7435.188     12  14894.377    14894.441    14972.284
237  TVMe+G4       7435.189     12  14894.377    14894.442    14972.285
238  TVMe+I+G4     7435.189     13  14896.378    14896.453    14980.778
239  TVMe+R2       7435.359     13  14896.717    14896.792    14981.117
240  TVMe+R3       7435.276     15  14900.552    14900.651    14997.937
248  TVM+F         7398.344     14  14824.687    14824.774    14915.579
249  TVM+F+I       7397.906     15  14825.812    14825.911    14923.196
250  TVM+F+G4      7397.902     15  14825.804    14825.903    14923.188
251  TVM+F+I+G4    7397.902     16  14827.804    14827.916    14931.680
252  TVM+F+R2      7398.047     16  14828.094    14828.206    14931.971
253  TVM+F+R3      7397.970     18  14831.939    14832.080    14948.800
261  SYM           7433.870     12  14891.740    14891.804    14969.647
262  SYM+I         7433.400     13  14892.800    14892.875    14977.200
263  SYM+G4        7433.399     13  14892.798    14892.873    14977.198
264  SYM+I+G4      7433.399     14  14894.799    14894.885    14985.691
265  SYM+R2        7433.577     14  14895.154    14895.240    14986.046
266  SYM+R3        7433.490     16  14898.980    14899.092    15002.856
274  GTR+F         7396.035     15  14822.070    14822.168    14919.454
275  GTR+F+I       7395.596     16  14823.191    14823.303    14927.068
276  GTR+F+G4      7395.596     16  14823.192    14823.304    14927.069
277  GTR+F+I+G4    7395.597     17  14825.194    14825.320    14935.563
278  GTR+F+R2      7395.750     17  14825.500    14825.626    14935.868
279  GTR+F+R3      7395.668     19  14829.336    14829.492    14952.689
Akaike Information Criterion:           TN+F
Corrected Akaike Information Criterion: TN+F
Bayesian Information Criterion:         HKY+F
Best-fit model: HKY+F chosen according to BIC

All model information printed to all_tetra_parvo.fa.model.gz
CPU time for ModelFinder: 0.056 seconds (0h:0m:0s)
Wall-clock time for ModelFinder: 0.056 seconds (0h:0m:0s)

NOTE: 0 MB RAM (0 GB) is required!
Estimate model parameters (epsilon = 0.100)
1. Initial log-likelihood: -7430.065
2. Current log-likelihood: -7427.338
3. Current log-likelihood: -7426.962
4. Current log-likelihood: -7426.596
5. Current log-likelihood: -7426.221
6. Current log-likelihood: -7425.835
7. Current log-likelihood: -7425.439
8. Current log-likelihood: -7425.033
9. Current log-likelihood: -7424.614
10. Current log-likelihood: -7424.184
11. Current log-likelihood: -7423.741
12. Current log-likelihood: -7423.283
13. Current log-likelihood: -7422.812
14. Current log-likelihood: -7422.325
15. Current log-likelihood: -7421.822
16. Current log-likelihood: -7421.301
17. Current log-likelihood: -7420.761
18. Current log-likelihood: -7420.202
19. Current log-likelihood: -7419.621
20. Current log-likelihood: -7419.017
21. Current log-likelihood: -7418.389
22. Current log-likelihood: -7417.734
23. Current log-likelihood: -7417.051
24. Current log-likelihood: -7416.337
25. Current log-likelihood: -7415.589
26. Current log-likelihood: -7414.805
27. Current log-likelihood: -7413.982
28. Current log-likelihood: -7413.116
29. Current log-likelihood: -7412.205
30. Current log-likelihood: -7411.244
31. Current log-likelihood: -7410.231
32. Current log-likelihood: -7409.162
33. Current log-likelihood: -7408.036
34. Current log-likelihood: -7406.854
35. Current log-likelihood: -7405.622
36. Current log-likelihood: -7404.354
37. Current log-likelihood: -7398.996
Optimal log-likelihood: -7398.994
Rate parameters:  A-C: 1.00000  A-G: 5.20788  A-T: 1.00000  C-G: 1.00000  C-T: 5.20788  G-T: 1.00000
Base frequencies:  A: 0.286  C: 0.212  G: 0.228  T: 0.274
Parameters optimization took 37 rounds (0.004 sec)
Computing ML distances based on estimated model parameters... 0.000 sec
Computing BIONJ tree...
0.000 seconds
Log-likelihood of BIONJ tree: -7398.979
--------------------------------------------------------------------
|             INITIALIZING CANDIDATE TREE SET                      |
--------------------------------------------------------------------
Generating 99 parsimony trees... 0.008 second
Computing log-likelihood of 4 initial trees ... 0.000 seconds
Current best score: -7398.979

Do NNI search on 5 best initial trees
Finish initializing candidate tree set (5)
Current best tree score: -7398.979 / CPU time: 0.009
Number of iterations: 5
--------------------------------------------------------------------
|               OPTIMIZING CANDIDATE TREE SET                      |
--------------------------------------------------------------------
UPDATE BEST LOG-LIKELIHOOD: -7398.979
Iteration 10 / LogL: -7398.979 / Time: 0h:0m:0s
Iteration 20 / LogL: -7398.994 / Time: 0h:0m:0s
Iteration 30 / LogL: -7398.988 / Time: 0h:0m:0s (0h:0m:0s left)
Iteration 40 / LogL: -7398.979 / Time: 0h:0m:0s (0h:0m:0s left)
Iteration 50 / LogL: -7398.988 / Time: 0h:0m:0s (0h:0m:0s left)
Iteration 60 / LogL: -7398.988 / Time: 0h:0m:0s (0h:0m:0s left)
Iteration 70 / LogL: -7398.999 / Time: 0h:0m:0s (0h:0m:0s left)
Iteration 80 / LogL: -7398.988 / Time: 0h:0m:0s (0h:0m:0s left)
Iteration 90 / LogL: -7398.999 / Time: 0h:0m:0s (0h:0m:0s left)
Iteration 100 / LogL: -7430.320 / Time: 0h:0m:0s (0h:0m:0s left)
TREE SEARCH COMPLETED AFTER 101 ITERATIONS / Time: 0h:0m:0s

--------------------------------------------------------------------
|                    FINALIZING TREE SEARCH                        |
--------------------------------------------------------------------
Performs final model parameters optimization
Estimate model parameters (epsilon = 0.010)
1. Initial log-likelihood: -7398.979
Optimal log-likelihood: -7398.979
Rate parameters:  A-C: 1.00000  A-G: 5.19567  A-T: 1.00000  C-G: 1.00000  C-T: 5.19567  G-T: 1.00000
Base frequencies:  A: 0.286  C: 0.212  G: 0.228  T: 0.274
Parameters optimization took 1 rounds (0.000 sec)
BEST SCORE FOUND : -7398.979
Total tree length: 0.021

Total number of iterations: 101
CPU time used for tree search: 0.035 sec (0h:0m:0s)
Wall-clock time used for tree search: 0.035 sec (0h:0m:0s)
Total CPU time used: 0.096 sec (0h:0m:0s)
Total wall-clock time used: 0.096 sec (0h:0m:0s)

Analysis results written to: 
  IQ-TREE report:                all_tetra_parvo.fa.iqtree
  Maximum-likelihood tree:       all_tetra_parvo.fa.treefile
  Likelihood distances:          all_tetra_parvo.fa.mldist
  Screen log file:               all_tetra_parvo.fa.log

Date and Time: Tue Apr 19 13:43:31 2022
