IQ-TREE multicore version 1.6.1 for Linux 64-bit built Feb 16 2018
Developed by Bui Quang Minh, Nguyen Lam Tung, Olga Chernomor,
Heiko Schmidt, Dominik Schrempf, Michael Woodhams.

Host:    chrf-craze (AVX512, FMA3, 251 GB RAM)
Command: iqtree -s outputfile.aln
Seed:    528478 (Using SPRNG - Scalable Parallel Random Number Generator)
Time:    Tue Apr 19 13:37:21 2022
Kernel:  AVX+FMA - 1 threads (96 CPU cores detected)

HINT: Use -nt option to specify number of threads because your CPU has 96 cores!
HINT: -nt AUTO will automatically determine the best number of threads to use.

Reading alignment file outputfile.aln ... Fasta format detected
Alignment most likely contains DNA/RNA sequences
Alignment has 48 sequences with 99 columns, 33 distinct patterns
37 parsimony-informative, 62 singleton sites, 0 constant sites
                   Gap/Ambiguity  Composition  p-value
   1  AY622943.raw         0.00%    passed     99.97%
   2  CHRF_BD0003.raw      0.00%    passed     31.03%
   3  CHRF_RNA_0012.raw    0.00%    passed     48.50%
   4  CHRF_RNA_0015.raw    0.00%    passed     12.94%
   5  CSF_0003.raw         0.00%    passed     99.97%
   6  CSF_0004.raw         0.00%    passed     99.97%
   7  CSF_0016.raw         0.00%    passed     99.97%
   8  CSF_0017.raw         0.00%    passed     99.97%
   9  CSF_0018.raw         0.00%    passed     99.97%
  10  CSF_0019.raw         0.00%    passed     99.97%
  11  CSF_0023.raw         0.00%    passed     99.97%
  12  CSF_0026.raw         0.00%    passed     99.97%
  13  DQ873386.raw         0.00%    passed     99.97%
  14  DQ873387.raw         0.00%    passed     99.97%
  15  DQ873388.raw         0.00%    passed     99.97%
  16  DQ873389.raw         0.00%    passed     99.97%
  17  DQ873390.raw         0.00%    passed     99.97%
  18  DQ873391.raw         0.00%    passed     99.97%
  19  EU175855.raw         0.00%    passed     99.97%
  20  EU175856.raw         0.00%    passed     99.97%
  21  EU200667.raw         0.00%    passed     99.97%
  22  EU546204.raw         0.00%    passed     99.97%
  23  EU546205.raw         0.00%    passed     99.97%
  24  EU546206.raw         0.00%    passed     99.97%
  25  EU546207.raw         0.00%    passed     99.97%
  26  EU546210.raw         0.00%    passed     99.97%
  27  EU546211.raw         0.00%    passed     99.97%
  28  EU874248.raw         0.00%    passed     99.97%
  29  HQ113143.raw         0.00%    passed     99.97%
  30  HQ593530.raw         0.00%    passed     99.97%
  31  HQ593531.raw         0.00%    passed     99.97%
  32  HQ593532.raw         0.00%    passed     99.97%
  33  JN183921.raw         0.00%    passed     99.97%
  34  JN183922.raw         0.00%    passed     99.97%
  35  JN183925.raw         0.00%    passed     99.97%
  36  JN798192.raw         0.00%    passed     99.97%
  37  JN798193.raw         0.00%    passed     99.97%
  38  JN798194.raw         0.00%    passed     99.97%
  39  JN798195.raw         0.00%    passed     99.97%
  40  JN798196.raw         0.00%    passed     99.97%
  41  JN798203.raw         0.00%    passed     99.97%
  42  KJ541119.raw         0.00%    passed     99.97%
  43  KJ541120.raw         0.00%    passed     99.97%
  44  KJ541121.raw         0.00%    passed     99.97%
  45  KM390024.raw         0.00%    passed     99.97%
  46  KU871314.raw         0.00%    passed     99.97%
  47  KU871315.raw         0.00%    passed     99.97%
  48  MH215556.raw         0.00%    passed     99.97%
****  TOTAL                0.00%  0 sequences failed composition chi2 test (p-value<5%; df=3)
NOTE: CSF_0003.raw is identical to AY622943.raw but kept for subsequent analysis
NOTE: 43 identical sequences (see below) will be ignored for subsequent analysis
NOTE: CSF_0004.raw (identical to AY622943.raw) is ignored but added at the end
NOTE: CSF_0016.raw (identical to AY622943.raw) is ignored but added at the end
NOTE: CSF_0017.raw (identical to AY622943.raw) is ignored but added at the end
NOTE: CSF_0018.raw (identical to AY622943.raw) is ignored but added at the end
NOTE: CSF_0019.raw (identical to AY622943.raw) is ignored but added at the end
NOTE: CSF_0023.raw (identical to AY622943.raw) is ignored but added at the end
NOTE: CSF_0026.raw (identical to AY622943.raw) is ignored but added at the end
NOTE: DQ873386.raw (identical to AY622943.raw) is ignored but added at the end
NOTE: DQ873387.raw (identical to AY622943.raw) is ignored but added at the end
NOTE: DQ873388.raw (identical to AY622943.raw) is ignored but added at the end
NOTE: DQ873389.raw (identical to AY622943.raw) is ignored but added at the end
NOTE: DQ873390.raw (identical to AY622943.raw) is ignored but added at the end
NOTE: DQ873391.raw (identical to AY622943.raw) is ignored but added at the end
NOTE: EU175855.raw (identical to AY622943.raw) is ignored but added at the end
NOTE: EU175856.raw (identical to AY622943.raw) is ignored but added at the end
NOTE: EU200667.raw (identical to AY622943.raw) is ignored but added at the end
NOTE: EU546204.raw (identical to AY622943.raw) is ignored but added at the end
NOTE: EU546205.raw (identical to AY622943.raw) is ignored but added at the end
NOTE: EU546206.raw (identical to AY622943.raw) is ignored but added at the end
NOTE: EU546207.raw (identical to AY622943.raw) is ignored but added at the end
NOTE: EU546210.raw (identical to AY622943.raw) is ignored but added at the end
NOTE: EU546211.raw (identical to AY622943.raw) is ignored but added at the end
NOTE: EU874248.raw (identical to AY622943.raw) is ignored but added at the end
NOTE: HQ113143.raw (identical to AY622943.raw) is ignored but added at the end
NOTE: HQ593530.raw (identical to AY622943.raw) is ignored but added at the end
NOTE: HQ593531.raw (identical to AY622943.raw) is ignored but added at the end
NOTE: HQ593532.raw (identical to AY622943.raw) is ignored but added at the end
NOTE: JN183921.raw (identical to AY622943.raw) is ignored but added at the end
NOTE: JN183922.raw (identical to AY622943.raw) is ignored but added at the end
NOTE: JN183925.raw (identical to AY622943.raw) is ignored but added at the end
NOTE: JN798192.raw (identical to AY622943.raw) is ignored but added at the end
NOTE: JN798193.raw (identical to AY622943.raw) is ignored but added at the end
NOTE: JN798194.raw (identical to AY622943.raw) is ignored but added at the end
NOTE: JN798195.raw (identical to AY622943.raw) is ignored but added at the end
NOTE: JN798196.raw (identical to AY622943.raw) is ignored but added at the end
NOTE: JN798203.raw (identical to AY622943.raw) is ignored but added at the end
NOTE: KJ541119.raw (identical to AY622943.raw) is ignored but added at the end
NOTE: KJ541120.raw (identical to AY622943.raw) is ignored but added at the end
NOTE: KJ541121.raw (identical to AY622943.raw) is ignored but added at the end
NOTE: KM390024.raw (identical to AY622943.raw) is ignored but added at the end
NOTE: KU871314.raw (identical to AY622943.raw) is ignored but added at the end
NOTE: KU871315.raw (identical to AY622943.raw) is ignored but added at the end
NOTE: MH215556.raw (identical to AY622943.raw) is ignored but added at the end

For your convenience alignment with unique sequences printed to outputfile.aln.uniqueseq.phy


Create initial parsimony tree by phylogenetic likelihood library (PLL)... 0.001 seconds
NOTE: ModelFinder requires 0 MB RAM!
ModelFinder will test 484 DNA models (sample size: 99) ...
 No. Model         -LnL         df  AIC          AICc         BIC
  1  JC            414.747      7   843.494      844.725      861.660
Ascertainment bias correction: 4 unobservable constant patterns
  2  JC+ASC        365.027      7   744.053      745.284      762.219
  3  JC+G4         416.467      8   848.934      850.534      869.695
Ascertainment bias correction: 4 unobservable constant patterns
  4  JC+ASC+G4     364.855      8   745.711      747.311      766.472
  5  JC+R2         416.660      9   851.320      853.343      874.676
  6  JC+R3         416.541      11  855.083      858.117      883.629
Ascertainment bias correction: 4 unobservable constant patterns
 14  JC+ASC+R2     364.378      9   746.757      748.779      770.113
Ascertainment bias correction: 4 unobservable constant patterns
 15  JC+ASC+R3     364.376      11  750.751      753.786      779.298
 23  F81+F         411.957      10  843.915      846.415      869.866
Ascertainment bias correction: 4 unobservable constant patterns
 24  F81+F+ASC     363.108      10  746.217      748.717      772.168
 25  F81+F+G4      411.970      11  845.939      848.974      874.486
Ascertainment bias correction: 4 unobservable constant patterns
 26  F81+F+ASC+G4  362.958      11  747.916      750.950      776.462
 27  F81+F+R2      411.957      12  847.914      851.542      879.056
 28  F81+F+R3      411.954      14  851.907      856.907      888.239
Ascertainment bias correction: 4 unobservable constant patterns
 36  F81+F+ASC+R2  362.467      12  748.934      752.562      780.075
Ascertainment bias correction: 4 unobservable constant patterns
 37  F81+F+ASC+R3  362.472      14  752.944      757.944      789.275
 45  K2P           381.320      8   778.640      780.240      799.401
Ascertainment bias correction: 4 unobservable constant patterns
 46  K2P+ASC       334.046      8   684.093      685.693      704.854
 47  K2P+G4        381.331      9   780.662      782.685      804.018
Ascertainment bias correction: 4 unobservable constant patterns
 48  K2P+ASC+G4    334.046      9   686.093      688.115      709.449
 49  K2P+R2        381.322      10  782.643      785.143      808.594
 50  K2P+R3        381.316      12  786.632      790.260      817.773
Ascertainment bias correction: 4 unobservable constant patterns
 58  K2P+ASC+R2    333.606      10  687.211      689.711      713.163
Ascertainment bias correction: 4 unobservable constant patterns
 59  K2P+ASC+R3    333.609      12  691.217      694.845      722.359
 67  HKY+F         379.395      11  780.791      783.825      809.337
Ascertainment bias correction: 4 unobservable constant patterns
 68  HKY+F+ASC     332.816      11  687.631      690.666      716.178
 69  HKY+F+G4      379.405      12  782.810      786.438      813.951
Ascertainment bias correction: 4 unobservable constant patterns
 70  HKY+F+ASC+G4  332.816      12  689.633      693.260      720.774
 71  HKY+F+R2      379.396      13  784.791      789.074      818.528
 72  HKY+F+R3      379.386      15  788.772      794.555      827.699
Ascertainment bias correction: 4 unobservable constant patterns
 80  HKY+F+ASC+R2  332.385      13  690.770      695.052      724.507
Ascertainment bias correction: 4 unobservable constant patterns
 81  HKY+F+ASC+R3  332.388      15  694.775      700.558      733.702
 89  TNe           380.818      9   779.635      781.658      802.992
Ascertainment bias correction: 4 unobservable constant patterns
 90  TNe+ASC       332.695      9   683.390      685.413      706.746
 91  TNe+G4        380.827      10  781.654      784.154      807.605
Ascertainment bias correction: 4 unobservable constant patterns
 92  TNe+ASC+G4    332.696      10  685.391      687.891      711.343
 93  TNe+R2        380.818      11  783.636      786.671      812.182
 94  TNe+R3        380.810      13  787.619      791.902      821.356
Ascertainment bias correction: 4 unobservable constant patterns
102  TNe+ASC+R2    332.251      11  686.501      689.536      715.048
Ascertainment bias correction: 4 unobservable constant patterns
103  TNe+ASC+R3    332.249      13  690.498      694.780      724.234
111  TN+F          379.270      12  782.540      786.168      813.682
Ascertainment bias correction: 4 unobservable constant patterns
112  TN+F+ASC      332.832      12  689.665      693.292      720.806
113  TN+F+G4       379.282      13  784.563      788.846      818.300
Ascertainment bias correction: 4 unobservable constant patterns
114  TN+F+ASC+G4   332.832      13  691.665      695.947      725.401
115  TN+F+R2       379.276      14  786.552      791.552      822.883
116  TN+F+R3       379.262      16  790.523      797.157      832.045
Ascertainment bias correction: 4 unobservable constant patterns
124  TN+F+ASC+R2   332.425      14  692.850      697.850      729.182
Ascertainment bias correction: 4 unobservable constant patterns
125  TN+F+ASC+R3   332.383      16  696.766      703.400      738.288
133  K3P           381.033      9   780.066      782.088      803.422
Ascertainment bias correction: 4 unobservable constant patterns
134  K3P+ASC       333.856      9   685.712      687.734      709.068
135  K3P+G4        381.040      10  782.081      784.581      808.032
Ascertainment bias correction: 4 unobservable constant patterns
136  K3P+ASC+G4    333.873      10  687.746      690.246      713.698
137  K3P+R2        381.037      11  784.074      787.109      812.621
138  K3P+R3        381.025      13  788.050      792.333      821.787
Ascertainment bias correction: 4 unobservable constant patterns
146  K3P+ASC+R2    333.509      11  689.018      692.052      717.564
Ascertainment bias correction: 4 unobservable constant patterns
147  K3P+ASC+R3    333.417      13  692.835      697.117      726.571
155  K3Pu+F        379.128      12  782.256      785.884      813.397
Ascertainment bias correction: 4 unobservable constant patterns
156  K3Pu+F+ASC    332.638      12  689.276      692.904      720.417
157  K3Pu+F+G4     379.137      13  784.273      788.556      818.010
Ascertainment bias correction: 4 unobservable constant patterns
158  K3Pu+F+ASC+G4 332.641      13  691.281      695.564      725.018
159  K3Pu+F+R2     379.133      14  786.265      791.265      822.597
160  K3Pu+F+R3     379.118      16  790.237      796.871      831.759
Ascertainment bias correction: 4 unobservable constant patterns
168  K3Pu+F+ASC+R2 332.277      14  692.554      697.554      728.886
Ascertainment bias correction: 4 unobservable constant patterns
169  K3Pu+F+ASC+R3 332.193      16  696.385      703.019      737.907
177  TPM2+F        379.187      12  782.374      786.002      813.515
Ascertainment bias correction: 4 unobservable constant patterns
178  TPM2+F+ASC    332.718      12  689.435      693.063      720.577
179  TPM2+F+G4     379.196      13  784.391      788.674      818.128
Ascertainment bias correction: 4 unobservable constant patterns
180  TPM2+F+ASC+G4 332.718      13  691.437      695.719      725.173
181  TPM2+F+R2     379.191      14  786.382      791.382      822.714
182  TPM2+F+R3     379.172      16  790.344      796.978      831.866
Ascertainment bias correction: 4 unobservable constant patterns
190  TPM2+F+ASC+R2 332.362      14  692.724      697.724      729.056
Ascertainment bias correction: 4 unobservable constant patterns
191  TPM2+F+ASC+R3 332.295      16  696.589      703.224      738.111
199  TPM2u+F       379.187      12  782.374      786.002      813.515
Ascertainment bias correction: 4 unobservable constant patterns
200  TPM2u+F+ASC   332.718      12  689.435      693.063      720.577
201  TPM2u+F+G4    379.196      13  784.391      788.674      818.128
Ascertainment bias correction: 4 unobservable constant patterns
202  TPM2u+F+ASC+G4 332.718      13  691.437      695.719      725.173
203  TPM2u+F+R2    387.703      14  803.406      808.406      839.738
204  TPM2u+F+R3    379.181      16  790.362      796.996      831.884
205  TPM2u+F+R4    379.177      18  794.355      802.905      841.067
Ascertainment bias correction: 4 unobservable constant patterns
212  TPM2u+F+ASC+R2 332.371      14  692.743      697.743      729.075
Ascertainment bias correction: 4 unobservable constant patterns
213  TPM2u+F+ASC+R3 332.305      16  696.611      703.245      738.132
221  TPM3+F        379.395      12  782.790      786.417      813.931
Ascertainment bias correction: 4 unobservable constant patterns
222  TPM3+F+ASC    332.799      12  689.598      693.225      720.739
223  TPM3+F+G4     379.404      13  784.808      789.090      818.544
Ascertainment bias correction: 4 unobservable constant patterns
224  TPM3+F+ASC+G4 332.799      13  691.599      695.881      725.336
225  TPM3+F+R2     379.400      14  786.800      791.800      823.131
226  TPM3+F+R3     379.387      16  790.774      797.408      832.296
Ascertainment bias correction: 4 unobservable constant patterns
234  TPM3+F+ASC+R2 332.461      14  692.922      697.922      729.254
Ascertainment bias correction: 4 unobservable constant patterns
235  TPM3+F+ASC+R3 332.429      16  696.858      703.492      738.379
243  TPM3u+F       379.395      12  782.789      786.417      813.931
Ascertainment bias correction: 4 unobservable constant patterns
244  TPM3u+F+ASC   332.799      12  689.598      693.225      720.739
245  TPM3u+F+G4    379.404      13  784.808      789.090      818.544
Ascertainment bias correction: 4 unobservable constant patterns
246  TPM3u+F+ASC+G4 332.799      13  691.599      695.881      725.336
247  TPM3u+F+R2    379.399      14  786.798      791.798      823.130
248  TPM3u+F+R3    379.389      16  790.777      797.411      832.299
Ascertainment bias correction: 4 unobservable constant patterns
256  TPM3u+F+ASC+R2 332.461      14  692.923      697.923      729.255
Ascertainment bias correction: 4 unobservable constant patterns
257  TPM3u+F+ASC+R3 332.448      16  696.896      703.530      738.418
265  TIMe          380.492      10  780.984      783.484      806.935
Ascertainment bias correction: 4 unobservable constant patterns
266  TIMe+ASC      332.513      10  685.026      687.526      710.978
267  TIMe+G4       380.500      11  783.000      786.034      811.546
Ascertainment bias correction: 4 unobservable constant patterns
268  TIMe+ASC+G4   332.535      11  687.069      690.104      715.615
269  TIMe+R2       397.036      12  818.071      821.699      849.212
270  TIMe+R3       380.496      14  788.993      793.993      825.325
271  TIMe+R4       380.491      16  792.981      799.615      834.503
Ascertainment bias correction: 4 unobservable constant patterns
278  TIMe+ASC+R2   332.162      12  688.325      691.953      719.466
Ascertainment bias correction: 4 unobservable constant patterns
279  TIMe+ASC+R3   332.147      14  692.295      697.295      728.626
287  TIM+F         378.983      13  783.967      788.249      817.703
Ascertainment bias correction: 4 unobservable constant patterns
288  TIM+F+ASC     332.662      13  691.324      695.606      725.060
289  TIM+F+G4      378.994      14  785.989      790.989      822.320
Ascertainment bias correction: 4 unobservable constant patterns
290  TIM+F+ASC+G4  332.740      14  693.479      698.479      729.811
291  TIM+F+R2      434.078      15  898.156      903.940      937.083
292  TIM+F+R3      378.989      17  791.978      799.534      836.095
293  TIM+F+R4      378.971      19  795.943      805.563      845.250
Ascertainment bias correction: 4 unobservable constant patterns
300  TIM+F+ASC+R2  332.284      15  694.568      700.351      733.494
Ascertainment bias correction: 4 unobservable constant patterns
301  TIM+F+ASC+R3  332.270      17  698.541      706.096      742.658
309  TIM2e         380.550      10  781.101      783.601      807.052
Ascertainment bias correction: 4 unobservable constant patterns
310  TIM2e+ASC     332.709      10  685.419      687.919      711.370
311  TIM2e+G4      380.559      11  783.118      786.153      811.665
Ascertainment bias correction: 4 unobservable constant patterns
312  TIM2e+ASC+G4  332.710      11  687.420      690.454      715.966
313  TIM2e+R2      437.411      12  898.822      902.450      929.963
314  TIM2e+R3      389.426      14  806.852      811.852      843.183
315  TIM2e+R4      380.545      16  793.090      799.724      834.612
316  TIM2e+R5      380.542      18  797.084      805.634      843.796
Ascertainment bias correction: 4 unobservable constant patterns
322  TIM2e+ASC+R2  332.353      12  688.706      692.334      719.847
Ascertainment bias correction: 4 unobservable constant patterns
323  TIM2e+ASC+R3  332.338      14  692.677      697.677      729.009
331  TIM2+F        379.093      13  784.186      788.469      817.923
Ascertainment bias correction: 4 unobservable constant patterns
332  TIM2+F+ASC    332.733      13  691.466      695.748      725.202
333  TIM2+F+G4     379.109      14  786.219      791.219      822.550
Ascertainment bias correction: 4 unobservable constant patterns
334  TIM2+F+ASC+G4 332.732      14  693.464      698.464      729.795
335  TIM2+F+R2     437.288      15  904.575      910.359      943.502
336  TIM2+F+R3     422.972      17  879.944      887.499      924.061
337  TIM2+F+R4     379.089      19  796.177      805.798      845.485
338  TIM2+F+R5     379.084      21  800.168      812.168      854.666
Ascertainment bias correction: 4 unobservable constant patterns
344  TIM2+F+ASC+R2 332.368      15  694.736      700.520      733.663
Ascertainment bias correction: 4 unobservable constant patterns
345  TIM2+F+ASC+R3 332.356      17  698.711      706.267      742.828
353  TIM3e         380.815      10  781.631      784.131      807.582
Ascertainment bias correction: 4 unobservable constant patterns
354  TIM3e+ASC     332.689      10  685.378      687.878      711.329
355  TIM3e+G4      380.828      11  783.656      786.691      812.203
Ascertainment bias correction: 4 unobservable constant patterns
356  TIM3e+ASC+G4  332.688      11  687.376      690.410      715.922
357  TIM3e+R2      435.913      12  895.827      899.455      926.968
358  TIM3e+R3      435.000      14  898.000      903.000      934.332
Ascertainment bias correction: 4 unobservable constant patterns
366  TIM3e+ASC+R2  332.345      12  688.690      692.318      719.832
Ascertainment bias correction: 4 unobservable constant patterns
367  TIM3e+ASC+R3  332.331      14  692.661      697.661      728.993
375  TIM3+F        379.262      13  784.524      788.807      818.261
Ascertainment bias correction: 4 unobservable constant patterns
376  TIM3+F+ASC    332.817      13  691.635      695.917      725.371
377  TIM3+F+G4     379.282      14  786.565      791.565      822.897
Ascertainment bias correction: 4 unobservable constant patterns
378  TIM3+F+ASC+G4 332.814      14  693.629      698.629      729.960
379  TIM3+F+R2     379.344      15  788.688      794.471      827.615
380  TIM3+F+R3     379.344      17  792.687      800.243      836.804
Ascertainment bias correction: 4 unobservable constant patterns
388  TIM3+F+ASC+R2 332.369      15  694.737      700.520      733.664
Ascertainment bias correction: 4 unobservable constant patterns
389  TIM3+F+ASC+R3 332.365      17  698.731      706.286      742.848
397  TVMe          380.672      11  783.344      786.378      811.890
Ascertainment bias correction: 4 unobservable constant patterns
398  TVMe+ASC      333.883      11  689.767      692.801      718.313
399  TVMe+G4       380.680      12  785.359      788.987      816.501
Ascertainment bias correction: 4 unobservable constant patterns
400  TVMe+ASC+G4   333.884      12  691.768      695.396      722.910
401  TVMe+R2       380.670      13  787.340      791.622      821.076
402  TVMe+R3       380.642      15  791.283      797.066      830.210
Ascertainment bias correction: 4 unobservable constant patterns
410  TVMe+ASC+R2   333.419      13  692.838      697.120      726.574
Ascertainment bias correction: 4 unobservable constant patterns
411  TVMe+ASC+R3   333.411      15  696.821      702.605      735.748
419  TVM+F         378.853      14  785.706      790.706      822.038
Ascertainment bias correction: 4 unobservable constant patterns
420  TVM+F+ASC     332.536      14  693.073      698.073      729.405
421  TVM+F+G4      378.862      15  787.724      793.507      826.651
Ascertainment bias correction: 4 unobservable constant patterns
422  TVM+F+ASC+G4  332.537      15  695.074      700.857      734.001
423  TVM+F+R2      378.853      16  789.706      796.340      831.228
424  TVM+F+R3      378.834      18  793.668      802.218      840.380
Ascertainment bias correction: 4 unobservable constant patterns
432  TVM+F+ASC+R2  332.079      16  696.157      702.791      737.679
Ascertainment bias correction: 4 unobservable constant patterns
433  TVM+F+ASC+R3  332.074      18  700.148      708.698      746.860
441  SYM           380.199      12  784.398      788.026      815.540
Ascertainment bias correction: 4 unobservable constant patterns
442  SYM+ASC       332.545      12  689.090      692.718      720.232
443  SYM+G4        380.204      13  786.409      790.691      820.146
Ascertainment bias correction: 4 unobservable constant patterns
444  SYM+ASC+G4    332.546      13  691.092      695.374      724.829
445  SYM+R2        380.195      14  788.391      793.391      824.723
446  SYM+R3        380.184      16  792.367      799.001      833.889
Ascertainment bias correction: 4 unobservable constant patterns
454  SYM+ASC+R2    332.052      14  692.103      697.103      728.435
Ascertainment bias correction: 4 unobservable constant patterns
455  SYM+ASC+R3    332.050      16  696.101      702.735      737.623
463  GTR+F         378.750      15  787.500      793.284      826.427
Ascertainment bias correction: 4 unobservable constant patterns
464  GTR+F+ASC     332.558      15  695.115      700.899      734.042
465  GTR+F+G4      378.761      16  789.521      796.155      831.043
Ascertainment bias correction: 4 unobservable constant patterns
466  GTR+F+ASC+G4  332.558      16  697.115      703.750      738.637
467  GTR+F+R2      378.752      17  791.503      799.059      835.620
468  GTR+F+R3      378.736      19  795.472      805.092      844.780
Ascertainment bias correction: 4 unobservable constant patterns
476  GTR+F+ASC+R2  332.067      17  698.134      705.690      742.251
Ascertainment bias correction: 4 unobservable constant patterns
477  GTR+F+ASC+R3  332.070      19  702.140      711.760      751.447
Akaike Information Criterion:           TNe+ASC
Corrected Akaike Information Criterion: TNe+ASC
Bayesian Information Criterion:         K2P+ASC
Best-fit model: K2P+ASC chosen according to BIC

All model information printed to outputfile.aln.model.gz
CPU time for ModelFinder: 0.284 seconds (0h:0m:0s)
Wall-clock time for ModelFinder: 0.302 seconds (0h:0m:0s)
Ascertainment bias correction: 4 unobservable constant patterns

NOTE: 0 MB RAM (0 GB) is required!
Estimate model parameters (epsilon = 0.100)
1. Initial log-likelihood: -365.330
2. Current log-likelihood: -360.691
3. Current log-likelihood: -360.266
4. Current log-likelihood: -359.883
5. Current log-likelihood: -359.488
6. Current log-likelihood: -359.085
7. Current log-likelihood: -358.671
8. Current log-likelihood: -358.248
9. Current log-likelihood: -357.814
10. Current log-likelihood: -357.368
11. Current log-likelihood: -356.910
12. Current log-likelihood: -356.439
13. Current log-likelihood: -355.955
14. Current log-likelihood: -355.456
15. Current log-likelihood: -354.942
16. Current log-likelihood: -354.411
17. Current log-likelihood: -353.863
18. Current log-likelihood: -353.295
19. Current log-likelihood: -352.708
20. Current log-likelihood: -352.099
21. Current log-likelihood: -351.466
22. Current log-likelihood: -350.809
23. Current log-likelihood: -350.124
24. Current log-likelihood: -349.411
25. Current log-likelihood: -348.666
26. Current log-likelihood: -347.888
27. Current log-likelihood: -347.074
28. Current log-likelihood: -346.220
29. Current log-likelihood: -345.326
30. Current log-likelihood: -344.389
31. Current log-likelihood: -343.407
32. Current log-likelihood: -342.381
33. Current log-likelihood: -341.312
34. Current log-likelihood: -340.207
35. Current log-likelihood: -339.079
36. Current log-likelihood: -334.180
Optimal log-likelihood: -334.067
Rate parameters:  A-C: 1.00000  A-G: 5.43316  A-T: 1.00000  C-G: 1.00000  C-T: 5.43316  G-T: 1.00000
Base frequencies:  A: 0.250  C: 0.250  G: 0.250  T: 0.250
Parameters optimization took 36 rounds (0.004 sec)
Computing ML distances based on estimated model parameters... 0.000 sec
Computing BIONJ tree...
0.000 seconds
Log-likelihood of BIONJ tree: -333.634
--------------------------------------------------------------------
|             INITIALIZING CANDIDATE TREE SET                      |
--------------------------------------------------------------------
Generating 99 parsimony trees... 0.016 second
Computing log-likelihood of 4 initial trees ... 0.001 seconds
Current best score: -333.634

Do NNI search on 5 best initial trees
Finish initializing candidate tree set (5)
Current best tree score: -333.634 / CPU time: 0.019
Number of iterations: 5
--------------------------------------------------------------------
|               OPTIMIZING CANDIDATE TREE SET                      |
--------------------------------------------------------------------
UPDATE BEST LOG-LIKELIHOOD: -333.633
WARNING: NNI search needs unusual large number of steps (5) to converge!
WARNING: NNI search needs unusual large number of steps (5) to converge!
Iteration 10 / LogL: -338.357 / Time: 0h:0m:0s
WARNING: NNI search needs unusual large number of steps (5) to converge!
WARNING: NNI search needs unusual large number of steps (5) to converge!
Iteration 20 / LogL: -338.361 / Time: 0h:0m:0s
WARNING: NNI search needs unusual large number of steps (5) to converge!
WARNING: NNI search needs unusual large number of steps (5) to converge!
WARNING: NNI search needs unusual large number of steps (5) to converge!
WARNING: NNI search needs unusual large number of steps (5) to converge!
Iteration 30 / LogL: -338.357 / Time: 0h:0m:0s (0h:0m:0s left)
WARNING: NNI search needs unusual large number of steps (5) to converge!
UPDATE BEST LOG-LIKELIHOOD: -333.631
Iteration 40 / LogL: -337.814 / Time: 0h:0m:0s (0h:0m:0s left)
WARNING: NNI search needs unusual large number of steps (5) to converge!
WARNING: NNI search needs unusual large number of steps (5) to converge!
Iteration 50 / LogL: -338.804 / Time: 0h:0m:0s (0h:0m:0s left)
UPDATE BEST LOG-LIKELIHOOD: -333.630
WARNING: NNI search needs unusual large number of steps (5) to converge!
WARNING: NNI search needs unusual large number of steps (5) to converge!
WARNING: NNI search needs unusual large number of steps (5) to converge!
Iteration 60 / LogL: -337.991 / Time: 0h:0m:0s (0h:0m:0s left)
WARNING: NNI search needs unusual large number of steps (5) to converge!
WARNING: NNI search needs unusual large number of steps (5) to converge!
Iteration 70 / LogL: -337.968 / Time: 0h:0m:0s (0h:0m:0s left)
WARNING: NNI search needs unusual large number of steps (5) to converge!
WARNING: NNI search needs unusual large number of steps (5) to converge!
WARNING: NNI search needs unusual large number of steps (5) to converge!
Iteration 80 / LogL: -337.869 / Time: 0h:0m:0s (0h:0m:0s left)
UPDATE BEST LOG-LIKELIHOOD: -333.629
WARNING: NNI search needs unusual large number of steps (5) to converge!
UPDATE BEST LOG-LIKELIHOOD: -333.629
WARNING: NNI search needs unusual large number of steps (5) to converge!
Iteration 90 / LogL: -337.878 / Time: 0h:0m:0s (0h:0m:0s left)
UPDATE BEST LOG-LIKELIHOOD: -333.628
WARNING: NNI search needs unusual large number of steps (5) to converge!
WARNING: NNI search needs unusual large number of steps (5) to converge!
UPDATE BEST LOG-LIKELIHOOD: -333.627
UPDATE BEST LOG-LIKELIHOOD: -333.627
Iteration 100 / LogL: -333.627 / Time: 0h:0m:0s (0h:0m:0s left)
TREE SEARCH COMPLETED AFTER 101 ITERATIONS / Time: 0h:0m:0s

--------------------------------------------------------------------
|                    FINALIZING TREE SEARCH                        |
--------------------------------------------------------------------
Performs final model parameters optimization
Estimate model parameters (epsilon = 0.010)
1. Initial log-likelihood: -333.627
2. Current log-likelihood: -333.613
Optimal log-likelihood: -333.612
Rate parameters:  A-C: 1.00000  A-G: 5.23529  A-T: 1.00000  C-G: 1.00000  C-T: 5.23529  G-T: 1.00000
Base frequencies:  A: 0.250  C: 0.250  G: 0.250  T: 0.250
Parameters optimization took 2 rounds (0.000 sec)
BEST SCORE FOUND : -333.612
Total tree length: 0.072

Total number of iterations: 101
CPU time used for tree search: 0.056 sec (0h:0m:0s)
Wall-clock time used for tree search: 0.060 sec (0h:0m:0s)
Total CPU time used: 0.347 sec (0h:0m:0s)
Total wall-clock time used: 0.399 sec (0h:0m:0s)

Analysis results written to: 
  IQ-TREE report:                outputfile.aln.iqtree
  Maximum-likelihood tree:       outputfile.aln.treefile
  Likelihood distances:          outputfile.aln.mldist
  Screen log file:               outputfile.aln.log

Date and Time: Tue Apr 19 13:37:21 2022
