
RAxML-NG v. 1.1.0-master released on 31.01.2022 by The Exelixis Lab.
Developed by: Alexey M. Kozlov and Alexandros Stamatakis.
Contributors: Diego Darriba, Tomas Flouri, Benoit Morel, Sarah Lutteropp, Ben Bettisworth.
Latest version: https://github.com/amkozlov/raxml-ng
Questions/problems/suggestions? Please visit: https://groups.google.com/forum/#!forum/raxml

System: Intel(R) Xeon(R) Gold 6248R CPU @ 3.00GHz, 48 cores, 251 GB RAM

RAxML-NG was called at 19-Apr-2022 16:02:40 as follows:

raxml-ng --support --tree All_Hprv4.raxml.bestTree --bs-trees All_Hprv4.raxml.bootstraps

Analysis options:
  run mode: Compute bipartition support (Felsenstein Bootstrap)
  start tree(s): user
  random seed: 1650362560
  SIMD kernels: AVX2
  parallelization: coarse-grained (auto), PTHREADS (auto)

Reading reference tree from file: All_Hprv4.raxml.bestTree
Reference tree size: 52

Reading bootstrap trees from file: All_Hprv4.raxml.bootstraps
Loaded 1000 trees with 52 taxa.

Best ML tree with Felsenstein bootstrap (FBP) support values saved to: /home/chrf/Tetraparvo_tree/Phylogeny/All_Hprv4.raxml.bestTree.raxml.support

Execution log saved to: /home/chrf/Tetraparvo_tree/Phylogeny/All_Hprv4.raxml.bestTree.raxml.log

Analysis started: 19-Apr-2022 16:02:40 / finished: 19-Apr-2022 16:02:40

Elapsed time: 0.112 seconds

