
RAxML-NG v. 1.1.0-master released on 31.01.2022 by The Exelixis Lab.
Developed by: Alexey M. Kozlov and Alexandros Stamatakis.
Contributors: Diego Darriba, Tomas Flouri, Benoit Morel, Sarah Lutteropp, Ben Bettisworth.
Latest version: https://github.com/amkozlov/raxml-ng
Questions/problems/suggestions? Please visit: https://groups.google.com/forum/#!forum/raxml

System: Intel(R) Xeon(R) Gold 6248R CPU @ 3.00GHz, 48 cores, 251 GB RAM

RAxML-NG was called at 19-Apr-2022 15:58:48 as follows:

raxml-ng --seed 1206 --all --msa All_Hprv4_consensus.phylip --model TPM3+F+G4 --bs-trees 1000 --brlen scaled --prefix All_Hprv4 --extra thread-pin --outgroup MH215556.1 --threads 90 --force

Analysis options:
  run mode: ML tree search + bootstrapping (Felsenstein Bootstrap)
  start tree(s): random (10) + parsimony (10)
  bootstrap replicates: 1000
  outgroup taxa: MH215556.1
  random seed: 1206
  tip-inner: OFF
  pattern compression: ON
  per-rate scalers: OFF
  site repeats: ON
  branch lengths: proportional (ML estimate, algorithm: NR-FAST)
  SIMD kernels: AVX2
  parallelization: coarse-grained (auto), PTHREADS (90 threads), thread pinning: ON

WARNING: Running in FORCE mode: all safety checks are disabled!

[00:00:00] Reading alignment from file: All_Hprv4_consensus.phylip
[00:00:00] Loaded alignment with 52 taxa and 1193 sites

Alignment comprises 1 partitions and 778 patterns

Partition 0: noname
Model: TPM3+FC+G4m
Alignment sites / patterns: 1193 / 778
Gaps: 0.00 %
Invariant sites: 0.00 %


NOTE: Binary MSA file created: All_Hprv4.raxml.rba

Parallelization scheme autoconfig: 90 worker(s) x 1 thread(s)

Parallel reduction/worker buffer size: 1 KB  / 0 KB

[00:00:00] Generating 10 random starting tree(s) with 52 taxa
[00:00:00] Generating 10 parsimony starting tree(s) with 52 taxa
[00:00:00] Data distribution: max. partitions/sites/weight per thread: 1 / 778 / 12448
[00:00:00] Data distribution: max. searches per worker: 13

Starting ML tree search with 20 distinct starting trees

[00:00:08] [worker #15] ML tree search #16, logLikelihood: -12118.620402
[00:00:08] [worker #13] ML tree search #14, logLikelihood: -12118.620321
[00:00:09] [worker #11] ML tree search #12, logLikelihood: -12118.620636
[00:00:09] [worker #19] ML tree search #20, logLikelihood: -12118.621509
[00:00:09] [worker #17] ML tree search #18, logLikelihood: -12118.621462
[00:00:09] [worker #12] ML tree search #13, logLikelihood: -12118.621645
[00:00:09] [worker #18] ML tree search #19, logLikelihood: -12118.621507
[00:00:09] [worker #10] ML tree search #11, logLikelihood: -12118.621770
[00:00:10] [worker #16] ML tree search #17, logLikelihood: -12118.621544
[00:00:11] [worker #14] ML tree search #15, logLikelihood: -12118.621469
[00:00:12] [worker #2] ML tree search #3, logLikelihood: -12118.619782
[00:00:12] [worker #1] ML tree search #2, logLikelihood: -12118.620584
[00:00:12] [worker #3] ML tree search #4, logLikelihood: -12132.220942
[00:00:13] [worker #6] ML tree search #7, logLikelihood: -12118.619085
[00:00:13] [worker #7] ML tree search #8, logLikelihood: -12118.620396
[00:00:13] [worker #4] ML tree search #5, logLikelihood: -12132.221319
[00:00:13] [worker #9] ML tree search #10, logLikelihood: -12118.619476
[00:00:13] [worker #5] ML tree search #6, logLikelihood: -12118.619361
[00:00:13] [worker #8] ML tree search #9, logLikelihood: -12118.619898
[00:00:15] [worker #0] ML tree search #1, logLikelihood: -12118.621432

[00:00:15] ML tree search completed, best tree logLH: -12118.619085

[00:00:15] Starting bootstrapping analysis with 1000 replicates.

[00:00:22] [worker #42] Bootstrap tree #43, logLikelihood: -12000.931992
[00:00:22] [worker #45] Bootstrap tree #46, logLikelihood: -12428.538568
[00:00:22] [worker #47] Bootstrap tree #48, logLikelihood: -12055.532605
[00:00:22] [worker #44] Bootstrap tree #45, logLikelihood: -12121.241563
[00:00:22] [worker #43] Bootstrap tree #44, logLikelihood: -12199.707358
[00:00:25] [worker #21] Bootstrap tree #22, logLikelihood: -12191.515387
[00:00:25] [worker #46] Bootstrap tree #47, logLikelihood: -11965.448316
[00:00:25] [worker #19] Bootstrap tree #20, logLikelihood: -12126.710683
[00:00:25] [worker #13] Bootstrap tree #14, logLikelihood: -12006.986244
[00:00:25] [worker #14] Bootstrap tree #15, logLikelihood: -11936.065295
[00:00:25] [worker #81] Bootstrap tree #82, logLikelihood: -11875.270486
[00:00:25] [worker #26] Bootstrap tree #27, logLikelihood: -11843.384929
[00:00:25] [worker #51] Bootstrap tree #52, logLikelihood: -11994.535924
[00:00:25] [worker #48] Bootstrap tree #49, logLikelihood: -12012.726776
[00:00:25] [worker #18] Bootstrap tree #19, logLikelihood: -12030.381904
[00:00:26] [worker #60] Bootstrap tree #61, logLikelihood: -12027.739035
[00:00:26] [worker #71] Bootstrap tree #72, logLikelihood: -11988.873176
[00:00:26] [worker #29] Bootstrap tree #30, logLikelihood: -12213.400347
[00:00:26] [worker #7] Bootstrap tree #8, logLikelihood: -12084.184452
[00:00:26] [worker #25] Bootstrap tree #26, logLikelihood: -11841.355726
[00:00:26] [worker #54] Bootstrap tree #55, logLikelihood: -11951.392393
[00:00:26] [worker #27] Bootstrap tree #28, logLikelihood: -12023.890287
[00:00:26] [worker #10] Bootstrap tree #11, logLikelihood: -11997.548410
[00:00:26] [worker #6] Bootstrap tree #7, logLikelihood: -12048.341841
[00:00:26] [worker #84] Bootstrap tree #85, logLikelihood: -12212.131094
[00:00:26] [worker #68] Bootstrap tree #69, logLikelihood: -12020.887374
[00:00:26] [worker #35] Bootstrap tree #36, logLikelihood: -12152.896071
[00:00:26] [worker #67] Bootstrap tree #68, logLikelihood: -11934.821182
[00:00:26] [worker #9] Bootstrap tree #10, logLikelihood: -11902.589083
[00:00:26] [worker #11] Bootstrap tree #12, logLikelihood: -11934.248607
[00:00:26] [worker #85] Bootstrap tree #86, logLikelihood: -12088.761051
[00:00:26] [worker #64] Bootstrap tree #65, logLikelihood: -12348.426149
[00:00:26] [worker #0] Bootstrap tree #1, logLikelihood: -11939.377637
[00:00:26] [worker #36] Bootstrap tree #37, logLikelihood: -11755.586006
[00:00:26] [worker #86] Bootstrap tree #87, logLikelihood: -11807.734977
[00:00:26] [worker #79] Bootstrap tree #80, logLikelihood: -11745.006371
[00:00:26] [worker #37] Bootstrap tree #38, logLikelihood: -11634.694214
[00:00:26] [worker #74] Bootstrap tree #75, logLikelihood: -11941.706790
[00:00:26] [worker #12] Bootstrap tree #13, logLikelihood: -12086.997382
[00:00:26] [worker #3] Bootstrap tree #4, logLikelihood: -12332.936523
[00:00:26] [worker #38] Bootstrap tree #39, logLikelihood: -11914.732475
[00:00:26] [worker #77] Bootstrap tree #78, logLikelihood: -12082.112883
[00:00:26] [worker #40] Bootstrap tree #41, logLikelihood: -12043.482102
[00:00:26] [worker #66] Bootstrap tree #67, logLikelihood: -12012.148894
[00:00:26] [worker #33] Bootstrap tree #34, logLikelihood: -11898.617779
[00:00:26] [worker #53] Bootstrap tree #54, logLikelihood: -12021.497078
[00:00:26] [worker #57] Bootstrap tree #58, logLikelihood: -12260.320481
[00:00:26] [worker #55] Bootstrap tree #56, logLikelihood: -12108.516110
[00:00:26] [worker #73] Bootstrap tree #74, logLikelihood: -12175.402840
[00:00:26] [worker #87] Bootstrap tree #88, logLikelihood: -12094.720362
[00:00:26] [worker #50] Bootstrap tree #51, logLikelihood: -12387.479688
[00:00:26] [worker #69] Bootstrap tree #70, logLikelihood: -12387.765465
[00:00:26] [worker #8] Bootstrap tree #9, logLikelihood: -11838.827069
[00:00:27] [worker #62] Bootstrap tree #63, logLikelihood: -12077.082416
[00:00:27] [worker #34] Bootstrap tree #35, logLikelihood: -11783.116723
[00:00:27] [worker #70] Bootstrap tree #71, logLikelihood: -12061.640843
[00:00:27] [worker #58] Bootstrap tree #59, logLikelihood: -12049.903413
[00:00:27] [worker #15] Bootstrap tree #16, logLikelihood: -12287.407322
[00:00:27] [worker #39] Bootstrap tree #40, logLikelihood: -12506.054181
[00:00:27] [worker #56] Bootstrap tree #57, logLikelihood: -11968.871153
[00:00:27] [worker #78] Bootstrap tree #79, logLikelihood: -12000.183606
[00:00:27] [worker #89] Bootstrap tree #90, logLikelihood: -12073.001399
[00:00:27] [worker #76] Bootstrap tree #77, logLikelihood: -12155.171027
[00:00:27] [worker #83] Bootstrap tree #84, logLikelihood: -12147.460340
[00:00:27] [worker #75] Bootstrap tree #76, logLikelihood: -11794.267559
[00:00:27] [worker #42] Bootstrap tree #133, logLikelihood: -12418.340811
[00:00:27] [worker #1] Bootstrap tree #2, logLikelihood: -12284.051024
[00:00:27] [worker #23] Bootstrap tree #24, logLikelihood: -12100.355491
[00:00:27] [worker #49] Bootstrap tree #50, logLikelihood: -11936.482731
[00:00:28] [worker #28] Bootstrap tree #29, logLikelihood: -11982.643905
[00:00:28] [worker #17] Bootstrap tree #18, logLikelihood: -12018.896857
[00:00:28] [worker #41] Bootstrap tree #42, logLikelihood: -11932.841100
[00:00:28] [worker #16] Bootstrap tree #17, logLikelihood: -12028.669063
[00:00:28] [worker #61] Bootstrap tree #62, logLikelihood: -12186.528288
[00:00:28] [worker #5] Bootstrap tree #6, logLikelihood: -11957.546936
[00:00:28] [worker #32] Bootstrap tree #33, logLikelihood: -11982.348644
[00:00:28] [worker #82] Bootstrap tree #83, logLikelihood: -12170.120751
[00:00:28] [worker #63] Bootstrap tree #64, logLikelihood: -11889.424686
[00:00:28] [worker #72] Bootstrap tree #73, logLikelihood: -12004.642049
[00:00:28] [worker #43] Bootstrap tree #134, logLikelihood: -12050.688448
[00:00:28] [worker #24] Bootstrap tree #25, logLikelihood: -12069.611697
[00:00:28] [worker #88] Bootstrap tree #89, logLikelihood: -12014.532472
[00:00:28] [worker #31] Bootstrap tree #32, logLikelihood: -11886.474701
[00:00:28] [worker #65] Bootstrap tree #66, logLikelihood: -11936.777672
[00:00:28] [worker #30] Bootstrap tree #31, logLikelihood: -11977.611629
[00:00:28] [worker #80] Bootstrap tree #81, logLikelihood: -11801.234344
[00:00:28] [worker #80] Bootstrap tree #81, logLikelihood: -11801.234344
[00:00:28] [worker #47] Bootstrap tree #138, logLikelihood: -12843.850631
[00:00:28] [worker #45] Bootstrap tree #136, logLikelihood: -12139.934778
[00:00:28] [worker #20] Bootstrap tree #21, logLikelihood: -12217.474735
[00:00:28] [worker #59] Bootstrap tree #60, logLikelihood: -11950.754498
[00:00:28] [worker #44] Bootstrap tree #135, logLikelihood: -12076.886322
[00:00:29] [worker #22] Bootstrap tree #23, logLikelihood: -12198.329209
[00:00:29] [worker #52] Bootstrap tree #53, logLikelihood: -12231.425504
[00:00:29] [worker #2] Bootstrap tree #3, logLikelihood: -12242.368106
[00:00:33] [worker #4] Bootstrap tree #5, logLikelihood: -12136.814072
[00:00:34] [worker #46] Bootstrap tree #137, logLikelihood: -12076.311174
[00:00:35] [worker #51] Bootstrap tree #142, logLikelihood: -12151.379889
[00:00:35] [worker #25] Bootstrap tree #116, logLikelihood: -12072.949276
[00:00:35] [worker #84] Bootstrap tree #175, logLikelihood: -12116.087171
[00:00:35] [worker #27] Bootstrap tree #118, logLikelihood: -12159.482062
[00:00:35] [worker #37] Bootstrap tree #128, logLikelihood: -12081.883078
[00:00:35] [worker #71] Bootstrap tree #162, logLikelihood: -11902.337333
[00:00:35] [worker #18] Bootstrap tree #109, logLikelihood: -11805.075035
[00:00:35] [worker #79] Bootstrap tree #170, logLikelihood: -12005.754238
[00:00:35] [worker #19] Bootstrap tree #110, logLikelihood: -12076.815938
[00:00:35] [worker #48] Bootstrap tree #139, logLikelihood: -12234.023877
[00:00:35] [worker #74] Bootstrap tree #165, logLikelihood: -11992.570626
[00:00:36] [worker #81] Bootstrap tree #172, logLikelihood: -12086.684007
[00:00:36] [worker #26] Bootstrap tree #117, logLikelihood: -12400.200040
[00:00:36] [worker #68] Bootstrap tree #159, logLikelihood: -12142.978589
[00:00:36] [worker #83] Bootstrap tree #174, logLikelihood: -12204.585295
[00:00:36] [worker #75] Bootstrap tree #166, logLikelihood: -11710.934974
[00:00:36] [worker #76] Bootstrap tree #167, logLikelihood: -11994.385542
[00:00:36] [worker #34] Bootstrap tree #125, logLikelihood: -12224.681718
[00:00:36] [worker #40] Bootstrap tree #131, logLikelihood: -12249.797955
[00:00:36] [worker #15] Bootstrap tree #106, logLikelihood: -11946.488493
[00:00:36] [worker #14] Bootstrap tree #105, logLikelihood: -12084.238719
[00:00:36] [worker #13] Bootstrap tree #104, logLikelihood: -11735.987118
[00:00:36] [worker #8] Bootstrap tree #99, logLikelihood: -12353.992894
[00:00:36] [worker #7] Bootstrap tree #98, logLikelihood: -12200.779284
[00:00:36] [worker #3] Bootstrap tree #94, logLikelihood: -11761.109854
[00:00:36] [worker #39] Bootstrap tree #130, logLikelihood: -12003.012238
[00:00:36] [worker #36] Bootstrap tree #127, logLikelihood: -11919.011335
[00:00:36] [worker #54] Bootstrap tree #145, logLikelihood: -11872.887765
[00:00:36] [worker #57] Bootstrap tree #148, logLikelihood: -12025.154612
[00:00:36] [worker #11] Bootstrap tree #102, logLikelihood: -12162.362792
[00:00:36] [worker #78] Bootstrap tree #169, logLikelihood: -12355.573962
[00:00:36] [worker #88] Bootstrap tree #179, logLikelihood: -12185.035676
[00:00:36] [worker #85] Bootstrap tree #176, logLikelihood: -11996.912014
[00:00:37] [worker #32] Bootstrap tree #123, logLikelihood: -11993.627579
[00:00:37] [worker #69] Bootstrap tree #160, logLikelihood: -11889.264922
[00:00:37] [worker #86] Bootstrap tree #177, logLikelihood: -11923.462760
[00:00:37] [worker #35] Bootstrap tree #126, logLikelihood: -11534.917981
[00:00:37] [worker #58] Bootstrap tree #149, logLikelihood: -12040.258074
[00:00:37] [worker #89] Bootstrap tree #180, logLikelihood: -12007.908198
[00:00:37] [worker #77] Bootstrap tree #168, logLikelihood: -11735.976522
[00:00:37] [worker #62] Bootstrap tree #153, logLikelihood: -12010.003145
[00:00:37] [worker #53] Bootstrap tree #144, logLikelihood: -11927.377338
[00:00:37] [worker #6] Bootstrap tree #97, logLikelihood: -11912.358436
[00:00:37] [worker #38] Bootstrap tree #129, logLikelihood: -12099.485273
[00:00:37] [worker #29] Bootstrap tree #120, logLikelihood: -12082.116593
[00:00:37] [worker #49] Bootstrap tree #140, logLikelihood: -12268.779831
[00:00:37] [worker #33] Bootstrap tree #124, logLikelihood: -12110.784286
[00:00:37] [worker #41] Bootstrap tree #132, logLikelihood: -11835.126678
[00:00:37] [worker #61] Bootstrap tree #152, logLikelihood: -11954.355092
[00:00:37] [worker #60] Bootstrap tree #151, logLikelihood: -12188.253055
[00:00:37] [worker #82] Bootstrap tree #173, logLikelihood: -13217.465704
[00:00:37] [worker #16] Bootstrap tree #107, logLikelihood: -11935.961316
[00:00:37] [worker #56] Bootstrap tree #147, logLikelihood: -12128.260720
[00:00:37] [worker #24] Bootstrap tree #115, logLikelihood: -12130.906265
[00:00:37] [worker #5] Bootstrap tree #96, logLikelihood: -12255.319587
[00:00:37] [worker #23] Bootstrap tree #114, logLikelihood: -11860.006911
[00:00:38] [worker #73] Bootstrap tree #164, logLikelihood: -12025.843912
[00:00:38] [worker #50] Bootstrap tree #141, logLikelihood: -11987.007720
[00:00:38] [worker #66] Bootstrap tree #157, logLikelihood: -11922.782927
[00:00:38] [worker #64] Bootstrap tree #155, logLikelihood: -12098.936056
[00:00:38] [worker #0] Bootstrap tree #91, logLikelihood: -12178.094418
[00:00:38] [worker #9] Bootstrap tree #100, logLikelihood: -12022.211185
[00:00:38] [worker #59] Bootstrap tree #150, logLikelihood: -12218.021611
[00:00:38] [worker #65] Bootstrap tree #156, logLikelihood: -11795.734349
[00:00:38] [worker #80] Bootstrap tree #171, logLikelihood: -12115.305198
[00:00:38] [worker #87] Bootstrap tree #178, logLikelihood: -11738.220768
[00:00:38] [worker #28] Bootstrap tree #119, logLikelihood: -11714.521895
[00:00:38] [worker #70] Bootstrap tree #161, logLikelihood: -11999.231999
[00:00:38] [worker #10] Bootstrap tree #101, logLikelihood: -12376.732716
[00:00:38] [worker #30] Bootstrap tree #121, logLikelihood: -12048.302100
[00:00:38] [worker #17] Bootstrap tree #108, logLikelihood: -11902.939838
[00:00:38] [worker #12] Bootstrap tree #103, logLikelihood: -11963.686075
[00:00:38] [worker #20] Bootstrap tree #111, logLikelihood: -12163.048628
[00:00:38] [worker #22] Bootstrap tree #113, logLikelihood: -11948.599689
[00:00:39] [worker #72] Bootstrap tree #163, logLikelihood: -12077.753896
[00:00:39] [worker #63] Bootstrap tree #154, logLikelihood: -12155.378029
[00:00:39] [worker #1] Bootstrap tree #92, logLikelihood: -11906.204273
[00:00:39] [worker #21] Bootstrap tree #112, logLikelihood: -12148.410522
[00:00:39] [worker #67] Bootstrap tree #158, logLikelihood: -12180.410984
[00:00:39] [worker #31] Bootstrap tree #122, logLikelihood: -11756.575878
[00:00:40] [worker #55] Bootstrap tree #146, logLikelihood: -11879.364569
[00:00:40] [worker #2] Bootstrap tree #93, logLikelihood: -11866.164624
[00:00:40] [worker #52] Bootstrap tree #143, logLikelihood: -11973.883092
[00:00:43] [worker #4] Bootstrap tree #95, logLikelihood: -12293.433669
[00:00:48] [worker #47] Bootstrap tree #228, logLikelihood: -12002.368203
[00:00:48] [worker #42] Bootstrap tree #223, logLikelihood: -11797.254678
[00:00:49] [worker #45] Bootstrap tree #226, logLikelihood: -12082.396658
[00:00:49] [worker #43] Bootstrap tree #224, logLikelihood: -12079.720248
[00:00:50] [worker #44] Bootstrap tree #225, logLikelihood: -12012.959795
[00:00:52] [worker #76] Bootstrap tree #257, logLikelihood: -11972.762735
[00:00:52] [worker #81] Bootstrap tree #262, logLikelihood: -12040.137673
[00:00:52] [worker #27] Bootstrap tree #208, logLikelihood: -11935.145936
[00:00:52] [worker #89] Bootstrap tree #270, logLikelihood: -11835.734729
[00:00:52] [worker #52] Bootstrap tree #233, logLikelihood: -11990.258083
[00:00:52] [worker #41] Bootstrap tree #222, logLikelihood: -12146.790560
[00:00:52] [worker #87] Bootstrap tree #268, logLikelihood: -12012.761070
[00:00:52] [worker #2] Bootstrap tree #183, logLikelihood: -12142.468387
[00:00:52] [worker #79] Bootstrap tree #260, logLikelihood: -12419.386044
[00:00:53] [worker #32] Bootstrap tree #213, logLikelihood: -12195.132207
[00:00:53] [worker #24] Bootstrap tree #205, logLikelihood: -11566.772325
[00:00:53] [worker #29] Bootstrap tree #210, logLikelihood: -11989.537950
[00:00:53] [worker #48] Bootstrap tree #229, logLikelihood: -12053.114811
[00:00:53] [worker #31] Bootstrap tree #212, logLikelihood: -11579.096107
[00:00:53] [worker #12] Bootstrap tree #193, logLikelihood: -12352.874488
[00:00:53] [worker #57] Bootstrap tree #238, logLikelihood: -11823.320650
[00:00:53] [worker #7] Bootstrap tree #188, logLikelihood: -11959.170443
[00:00:53] [worker #46] Bootstrap tree #227, logLikelihood: -12238.020911
[00:00:53] [worker #40] Bootstrap tree #221, logLikelihood: -12184.045491
[00:00:53] [worker #84] Bootstrap tree #265, logLikelihood: -12102.186517
[00:00:53] [worker #39] Bootstrap tree #220, logLikelihood: -11996.154391
[00:00:53] [worker #5] Bootstrap tree #186, logLikelihood: -11928.383968
[00:00:53] [worker #8] Bootstrap tree #189, logLikelihood: -11819.787271
[00:00:53] [worker #21] Bootstrap tree #202, logLikelihood: -12092.234646
[00:00:53] [worker #88] Bootstrap tree #269, logLikelihood: -11960.084410
[00:00:53] [worker #80] Bootstrap tree #261, logLikelihood: -11991.817824
[00:00:53] [worker #72] Bootstrap tree #253, logLikelihood: -11987.040821
[00:00:53] [worker #17] Bootstrap tree #198, logLikelihood: -11551.079773
[00:00:53] [worker #25] Bootstrap tree #206, logLikelihood: -12044.037371
[00:00:53] [worker #74] Bootstrap tree #255, logLikelihood: -11759.287781
[00:00:53] [worker #59] Bootstrap tree #240, logLikelihood: -12027.207906
[00:00:53] [worker #62] Bootstrap tree #243, logLikelihood: -12323.085348
[00:00:53] [worker #70] Bootstrap tree #251, logLikelihood: -11982.327362
[00:00:53] [worker #22] Bootstrap tree #203, logLikelihood: -12014.417082
[00:00:53] [worker #67] Bootstrap tree #248, logLikelihood: -12138.085748
[00:00:53] [worker #56] Bootstrap tree #237, logLikelihood: -12077.284974
[00:00:53] [worker #18] Bootstrap tree #199, logLikelihood: -11997.761106
[00:00:53] [worker #55] Bootstrap tree #236, logLikelihood: -11817.254570
[00:00:53] [worker #36] Bootstrap tree #217, logLikelihood: -12287.529389
[00:00:54] [worker #65] Bootstrap tree #246, logLikelihood: -12038.146417
[00:00:54] [worker #9] Bootstrap tree #190, logLikelihood: -12099.851545
[00:00:54] [worker #4] Bootstrap tree #185, logLikelihood: -12067.277288
[00:00:54] [worker #82] Bootstrap tree #263, logLikelihood: -11969.719691
[00:00:54] [worker #85] Bootstrap tree #266, logLikelihood: -11955.441817
[00:00:54] [worker #42] Bootstrap tree #313, logLikelihood: -12106.035835
[00:00:54] [worker #26] Bootstrap tree #207, logLikelihood: -11921.741312
[00:00:54] [worker #63] Bootstrap tree #244, logLikelihood: -11832.330364
[00:00:54] [worker #69] Bootstrap tree #250, logLikelihood: -12692.469666
[00:00:54] [worker #11] Bootstrap tree #192, logLikelihood: -12242.458795
[00:00:54] [worker #58] Bootstrap tree #239, logLikelihood: -12196.119249
[00:00:54] [worker #51] Bootstrap tree #232, logLikelihood: -12089.286396
[00:00:54] [worker #61] Bootstrap tree #242, logLikelihood: -11949.746037
[00:00:54] [worker #54] Bootstrap tree #235, logLikelihood: -12305.107697
[00:00:54] [worker #35] Bootstrap tree #216, logLikelihood: -11979.104879
[00:00:54] [worker #38] Bootstrap tree #219, logLikelihood: -11892.678007
[00:00:54] [worker #30] Bootstrap tree #211, logLikelihood: -11791.486692
[00:00:54] [worker #34] Bootstrap tree #215, logLikelihood: -11969.634111
00:00:54] [worker #33] Bootstrap tree #214, logLikelihood: -11821.131165
[00:00:54] [worker #20] Bootstrap tree #201, logLikelihood: -11946.771131
[00:00:54] [worker #75] Bootstrap tree #256, logLikelihood: -11967.906061
[00:00:54] [worker #77] Bootstrap tree #258, logLikelihood: -11975.726788
[00:00:54] [worker #10] Bootstrap tree #191, logLikelihood: -12074.774102
[00:00:54] [worker #6] Bootstrap tree #187, logLikelihood: -12150.443390
[00:00:54] [worker #14] Bootstrap tree #195, logLikelihood: -12258.846919
[00:00:54] [worker #37] Bootstrap tree #218, logLikelihood: -12269.469171
[00:00:54] [worker #60] Bootstrap tree #241, logLikelihood: -12078.052237
[00:00:54] [worker #47] Bootstrap tree #318, logLikelihood: -12096.704555
[00:00:54] [worker #78] Bootstrap tree #259, logLikelihood: -12267.169619
[00:00:55] [worker #83] Bootstrap tree #264, logLikelihood: -12125.592945
[00:00:55] [worker #71] Bootstrap tree #252, logLikelihood: -12107.173979
[00:00:55] [worker #15] Bootstrap tree #196, logLikelihood: -12230.834057
[00:00:55] [worker #49] Bootstrap tree #230, logLikelihood: -12032.481568
[00:00:55] [worker #66] Bootstrap tree #247, logLikelihood: -11951.484949
[00:00:55] [worker #68] Bootstrap tree #249, logLikelihood: -12121.630044
[00:00:55] [worker #28] Bootstrap tree #209, logLikelihood: -12263.105796
[00:00:55] [worker #45] Bootstrap tree #316, logLikelihood: -12324.987996
[00:00:55] [worker #86] Bootstrap tree #267, logLikelihood: -12979.868062
[00:00:55] [worker #3] Bootstrap tree #184, logLikelihood: -11852.715064
[00:00:55] [worker #64] Bootstrap tree #245, logLikelihood: -12382.004521
[00:00:55] [worker #16] Bootstrap tree #197, logLikelihood: -11903.884761
[00:00:55] [worker #53] Bootstrap tree #234, logLikelihood: -12232.226795
[00:00:55] [worker #19] Bootstrap tree #200, logLikelihood: -11892.718751
[00:00:55] [worker #13] Bootstrap tree #194, logLikelihood: -12160.099090
[00:00:55] [worker #23] Bootstrap tree #204, logLikelihood: -12448.173981
[00:00:56] [worker #73] Bootstrap tree #254, logLikelihood: -12312.218530
[00:00:56] [worker #50] Bootstrap tree #231, logLikelihood: -11910.894097
[00:00:56] [worker #0] Bootstrap tree #181, logLikelihood: -11824.025592
[00:00:57] [worker #43] Bootstrap tree #314, logLikelihood: -11960.873845
[00:00:57] [worker #44] Bootstrap tree #315, logLikelihood: -13133.579317
[00:00:59] [worker #1] Bootstrap tree #182, logLikelihood: -12408.374512
[00:01:01] [worker #76] Bootstrap tree #347, logLikelihood: -12314.395654
[00:01:01] [worker #52] Bootstrap tree #323, logLikelihood: -11821.129118
[00:01:02] [worker #39] Bootstrap tree #310, logLikelihood: -12003.234320
[00:01:02] [worker #29] Bootstrap tree #300, logLikelihood: -12105.162734
[00:01:02] [worker #41] Bootstrap tree #312, logLikelihood: -12917.898863
[00:01:02] [worker #89] Bootstrap tree #360, logLikelihood: -11971.655946
[00:01:02] [worker #27] Bootstrap tree #298, logLikelihood: -13131.041931
[00:01:02] [worker #31] Bootstrap tree #302, logLikelihood: -12336.445350
[00:01:02] [worker #32] Bootstrap tree #303, logLikelihood: -12198.269099
[00:01:02] [worker #2] Bootstrap tree #273, logLikelihood: -12087.918934
[00:01:03] [worker #48] Bootstrap tree #319, logLikelihood: -12037.347601
[00:01:03] [worker #5] Bootstrap tree #276, logLikelihood: -11864.928297
[00:01:03] [worker #46] Bootstrap tree #317, logLikelihood: -11954.658523
[00:01:03] [worker #26] Bootstrap tree #297, logLikelihood: -11947.097009
[00:01:03] [worker #21] Bootstrap tree #292, logLikelihood: -11806.231778
[00:01:03] [worker #87] Bootstrap tree #358, logLikelihood: -12362.405369
[00:01:03] [worker #30] Bootstrap tree #301, logLikelihood: -12111.138191
[00:01:03] [worker #24] Bootstrap tree #295, logLikelihood: -11967.547253
[00:01:03] [worker #88] Bootstrap tree #359, logLikelihood: -12009.411715
[00:01:03] [worker #36] Bootstrap tree #307, logLikelihood: -12105.785930
[00:01:03] [worker #9] Bootstrap tree #280, logLikelihood: -12123.431147
[00:01:03] [worker #84] Bootstrap tree #355, logLikelihood: -12102.683822
[00:01:03] [worker #62] Bootstrap tree #333, logLikelihood: -12346.654225
[00:01:03] [worker #7] Bootstrap tree #278, logLikelihood: -11880.033579
[00:01:03] [worker #38] Bootstrap tree #309, logLikelihood: -12209.398245
[00:01:03] [worker #57] Bootstrap tree #328, logLikelihood: -11986.309389
[00:01:03] [worker #80] Bootstrap tree #351, logLikelihood: -12130.210308
[00:01:03] [worker #18] Bootstrap tree #289, logLikelihood: -12309.258894
[00:01:03] [worker #70] Bootstrap tree #341, logLikelihood: -12199.219625
[00:01:03] [worker #79] Bootstrap tree #350, logLikelihood: -12027.673717
[00:01:04] [worker #34] Bootstrap tree #305, logLikelihood: -11910.679111
[00:01:04] [worker #58] Bootstrap tree #329, logLikelihood: -12130.157082
[00:01:04] [worker #40] Bootstrap tree #311, logLikelihood: -12166.306790
[00:01:04] [worker #81] Bootstrap tree #352, logLikelihood: -12331.840721
[00:01:04] [worker #72] Bootstrap tree #343, logLikelihood: -12117.477472
[00:01:04] [worker #78] Bootstrap tree #349, logLikelihood: -11924.395385
[00:01:04] [worker #56] Bootstrap tree #327, logLikelihood: -12204.875324
[00:01:04] [worker #63] Bootstrap tree #334, logLikelihood: -11975.489450
[00:01:04] [worker #75] Bootstrap tree #346, logLikelihood: -12237.647218
[00:01:04] [worker #12] Bootstrap tree #283, logLikelihood: -11969.431651
[00:01:04] [worker #25] Bootstrap tree #296, logLikelihood: -11930.781458
[00:01:04] [worker #4] Bootstrap tree #275, logLikelihood: -12208.928029
[00:01:04] [worker #83] Bootstrap tree #354, logLikelihood: -12188.367156
[00:01:04] [worker #61] Bootstrap tree #332, logLikelihood: -12078.697877
[00:01:04] [worker #77] Bootstrap tree #348, logLikelihood: -12259.902327
[00:01:04] [worker #69] Bootstrap tree #340, logLikelihood: -12099.267225
[00:01:04] [worker #67] Bootstrap tree #338, logLikelihood: -12156.706794
[00:01:04] [worker #11] Bootstrap tree #282, logLikelihood: -12289.838692
[00:01:04] [worker #65] Bootstrap tree #336, logLikelihood: -12071.378083
[00:01:04] [worker #82] Bootstrap tree #353, logLikelihood: -11941.606522
[00:01:04] [worker #33] Bootstrap tree #304, logLikelihood: -12000.073301
[00:01:04] [worker #74] Bootstrap tree #345, logLikelihood: -12159.262704
[00:01:05] [worker #86] Bootstrap tree #357, logLikelihood: -12229.386085
[00:01:05] [worker #15] Bootstrap tree #286, logLikelihood: -11595.837798
[00:01:05] [worker #71] Bootstrap tree #342, logLikelihood: -11811.225416
[00:01:05] [worker #28] Bootstrap tree #299, logLikelihood: -12218.837081
[00:01:05] [worker #16] Bootstrap tree #287, logLikelihood: -12176.253003
[00:01:05] [worker #60] Bootstrap tree #331, logLikelihood: -12077.936035
[00:01:05] [worker #22] Bootstrap tree #293, logLikelihood: -12315.645193
[00:01:05] [worker #51] Bootstrap tree #322, logLikelihood: -11782.859926
[00:01:05] [worker #17] Bootstrap tree #288, logLikelihood: -12080.964193
[00:01:05] [worker #8] Bootstrap tree #279, logLikelihood: -12171.603134
[00:01:05] [worker #23] Bootstrap tree #294, logLikelihood: -12155.219179
[00:01:05] [worker #59] Bootstrap tree #330, logLikelihood: -12347.106457
[00:01:05] [worker #50] Bootstrap tree #321, logLikelihood: -12165.410531
[00:01:05] [worker #35] Bootstrap tree #306, logLikelihood: -12073.229795
[00:01:05] [worker #85] Bootstrap tree #356, logLikelihood: -12027.534702
[00:01:05] [worker #20] Bootstrap tree #291, logLikelihood: -12084.610918
[00:01:05] [worker #53] Bootstrap tree #324, logLikelihood: -12051.555638
[00:01:06] [worker #37] Bootstrap tree #308, logLikelihood: -11754.967420
[00:01:06] [worker #68] Bootstrap tree #339, logLikelihood: -12037.434828
[00:01:06] [worker #49] Bootstrap tree #320, logLikelihood: -12069.731081
[00:01:06] [worker #54] Bootstrap tree #325, logLikelihood: -12007.169579
[00:01:06] [worker #6] Bootstrap tree #277, logLikelihood: -12065.337823
[00:01:06] [worker #13] Bootstrap tree #284, logLikelihood: -11859.631762
[00:01:06] [worker #19] Bootstrap tree #290, logLikelihood: -12177.510639
[00:01:06] [worker #66] Bootstrap tree #337, logLikelihood: -11856.502596
[00:01:06] [worker #64] Bootstrap tree #335, logLikelihood: -11886.734209
[00:01:06] [worker #3] Bootstrap tree #274, logLikelihood: -12072.263578
[00:01:07] [worker #55] Bootstrap tree #326, logLikelihood: -12034.817405
[00:01:07] [worker #73] Bootstrap tree #344, logLikelihood: -12220.216599
[00:01:07] [worker #14] Bootstrap tree #285, logLikelihood: -13061.580769
[00:01:08] [worker #0] Bootstrap tree #271, logLikelihood: -12248.314035
[00:01:08] [worker #10] Bootstrap tree #281, logLikelihood: -11753.792797
[00:01:10] [worker #1] Bootstrap tree #272, logLikelihood: -12171.498586
[00:01:15] [worker #44] Bootstrap tree #405, logLikelihood: -11688.024231
[00:01:15] [worker #45] Bootstrap tree #406, logLikelihood: -11993.880663
[00:01:16] [worker #47] Bootstrap tree #408, logLikelihood: -12294.318704
[00:01:16] [worker #42] Bootstrap tree #403, logLikelihood: -12057.646844
[00:01:18] [worker #43] Bootstrap tree #404, logLikelihood: -12220.352090
[00:01:19] [worker #85] Bootstrap tree #446, logLikelihood: -12029.853943
[00:01:19] [worker #79] Bootstrap tree #440, logLikelihood: -11970.069445
[00:01:19] [worker #46] Bootstrap tree #407, logLikelihood: -11941.189153
[00:01:19] [worker #38] Bootstrap tree #399, logLikelihood: -11959.796302
[00:01:19] [worker #28] Bootstrap tree #389, logLikelihood: -11851.854956
[00:01:19] [worker #24] Bootstrap tree #385, logLikelihood: -12058.593610
[00:01:19] [worker #75] Bootstrap tree #436, logLikelihood: -12061.202649
[00:01:19] [worker #82] Bootstrap tree #443, logLikelihood: -12100.329181
[00:01:19] [worker #63] Bootstrap tree #424, logLikelihood: -11982.036669
[00:01:19] [worker #72] Bootstrap tree #433, logLikelihood: -12160.084706
[00:01:19] [worker #55] Bootstrap tree #416, logLikelihood: -11967.603985
[00:01:19] [worker #52] Bootstrap tree #413, logLikelihood: -12300.369909
[00:01:19] [worker #39] Bootstrap tree #400, logLikelihood: -12199.480332
[00:01:19] [worker #86] Bootstrap tree #447, logLikelihood: -12143.934921
[00:01:19] [worker #76] Bootstrap tree #437, logLikelihood: -11974.190130
[00:01:19] [worker #18] Bootstrap tree #379, logLikelihood: -11846.882895
[00:01:19] [worker #5] Bootstrap tree #366, logLikelihood: -11951.108061
[00:01:19] [worker #77] Bootstrap tree #438, logLikelihood: -12019.911895
[00:01:19] [worker #64] Bootstrap tree #425, logLikelihood: -12042.570260
[00:01:19] [worker #20] Bootstrap tree #381, logLikelihood: -12009.457783
[00:01:19] [worker #35] Bootstrap tree #396, logLikelihood: -12108.377741
[00:01:20] [worker #22] Bootstrap tree #383, logLikelihood: -12336.829711
[00:01:20] [worker #27] Bootstrap tree #388, logLikelihood: -11666.240301
[00:01:20] [worker #84] Bootstrap tree #445, logLikelihood: -11903.352330
[00:01:20] [worker #62] Bootstrap tree #423, logLikelihood: -12321.009098
[00:01:20] [worker #68] Bootstrap tree #429, logLikelihood: -13185.057634
[00:01:20] [worker #34] Bootstrap tree #395, logLikelihood: -11893.939527
[00:01:20] [worker #9] Bootstrap tree #370, logLikelihood: -12108.096786
[00:01:20] [worker #12] Bootstrap tree #373, logLikelihood: -12093.779947
[00:01:20] [worker #58] Bootstrap tree #419, logLikelihood: -11952.095836
[00:01:20] [worker #6] Bootstrap tree #367, logLikelihood: -12239.346127
[00:01:20] [worker #17] Bootstrap tree #378, logLikelihood: -12096.801898
[00:01:20] [worker #83] Bootstrap tree #444, logLikelihood: -12113.555741
[00:01:20] [worker #31] Bootstrap tree #392, logLikelihood: -12421.738423
[00:01:20] [worker #70] Bootstrap tree #431, logLikelihood: -12268.293245
[00:01:20] [worker #21] Bootstrap tree #382, logLikelihood: -12300.502633
[00:01:20] [worker #87] Bootstrap tree #448, logLikelihood: -12815.198461
[00:01:20] [worker #49] Bootstrap tree #410, logLikelihood: -12052.606945
[00:01:20] [worker #25] Bootstrap tree #386, logLikelihood: -12128.068996
[00:01:20] [worker #33] Bootstrap tree #394, logLikelihood: -12092.504343
[00:01:20] [worker #29] Bootstrap tree #390, logLikelihood: -12102.948928
[00:01:20] [worker #78] Bootstrap tree #439, logLikelihood: -12082.944232
[00:01:20] [worker #57] Bootstrap tree #418, logLikelihood: -11746.265915
[00:01:20] [worker #19] Bootstrap tree #380, logLikelihood: -12316.038646
[00:01:20] [worker #26] Bootstrap tree #387, logLikelihood: -12202.509701
[00:01:20] [worker #54] Bootstrap tree #415, logLikelihood: -12309.055637
[00:01:20] [worker #13] Bootstrap tree #374, logLikelihood: -12055.368893
[00:01:20] [worker #80] Bootstrap tree #441, logLikelihood: -13013.587125
[00:01:20] [worker #81] Bootstrap tree #442, logLikelihood: -13275.293509
[00:01:20] [worker #37] Bootstrap tree #398, logLikelihood: -12104.145023
[00:01:21] [worker #66] Bootstrap tree #427, logLikelihood: -12257.437115
[00:01:21] [worker #71] Bootstrap tree #432, logLikelihood: -12135.319122
[00:01:21] [worker #15] Bootstrap tree #376, logLikelihood: -12311.160072
[00:01:21] [worker #40] Bootstrap tree #401, logLikelihood: -12119.751722
[00:01:21] [worker #88] Bootstrap tree #449, logLikelihood: -12121.438503
[00:01:21] [worker #44] Bootstrap tree #495, logLikelihood: -11869.866609
[00:01:21] [worker #4] Bootstrap tree #365, logLikelihood: -12091.276238
[00:01:21] [worker #51] Bootstrap tree #412, logLikelihood: -12214.404544
[00:01:21] [worker #47] Bootstrap tree #498, logLikelihood: -11955.756584
[00:01:21] [worker #32] Bootstrap tree #393, logLikelihood: -12074.317216
[00:01:21] [worker #48] Bootstrap tree #409, logLikelihood: -11917.704537
[00:01:21] [worker #30] Bootstrap tree #391, logLikelihood: -12087.545742
[00:01:21] [worker #65] Bootstrap tree #426, logLikelihood: -11954.806665
[00:01:21] [worker #0] Bootstrap tree #361, logLikelihood: -12178.636086
[00:01:21] [worker #41] Bootstrap tree #402, logLikelihood: -11823.444743
[00:01:21] [worker #10] Bootstrap tree #371, logLikelihood: -11847.574736
[00:01:21] [worker #36] Bootstrap tree #397, logLikelihood: -11937.391615
[00:01:21] [worker #23] Bootstrap tree #384, logLikelihood: -12281.228342
[00:01:21] [worker #7] Bootstrap tree #368, logLikelihood: -12109.532648
[00:01:21] [worker #42] Bootstrap tree #493, logLikelihood: -11986.801552
[00:01:21] [worker #8] Bootstrap tree #369, logLikelihood: -12205.472004
[00:01:21] [worker #53] Bootstrap tree #414, logLikelihood: -11733.483456
[00:01:21] [worker #1] Bootstrap tree #362, logLikelihood: -12285.587983
[00:01:22] [worker #73] Bootstrap tree #434, logLikelihood: -11929.193326
[00:01:22] [worker #3] Bootstrap tree #364, logLikelihood: -11917.990188
[00:01:22] [worker #67] Bootstrap tree #428, logLikelihood: -11925.334317
[00:01:22] [worker #69] Bootstrap tree #430, logLikelihood: -12347.524246
[00:01:22] [worker #14] Bootstrap tree #375, logLikelihood: -12200.561155
[00:01:22] [worker #60] Bootstrap tree #421, logLikelihood: -11888.648170
[00:01:22] [worker #74] Bootstrap tree #435, logLikelihood: -12240.185760
[00:01:22] [worker #61] Bootstrap tree #422, logLikelihood: -11826.276968
[00:01:22] [worker #45] Bootstrap tree #496, logLikelihood: -12011.840128
[00:01:22] [worker #89] Bootstrap tree #450, logLikelihood: -12384.100980
[00:01:22] [worker #11] Bootstrap tree #372, logLikelihood: -11887.392187
[00:01:22] [worker #56] Bootstrap tree #417, logLikelihood: -12431.978272
[00:01:22] [worker #59] Bootstrap tree #420, logLikelihood: -12076.475536
[00:01:23] [worker #16] Bootstrap tree #377, logLikelihood: -12104.212841
[00:01:25] [worker #43] Bootstrap tree #494, logLikelihood: -12203.008991
[00:01:26] [worker #2] Bootstrap tree #363, logLikelihood: -12296.651134
[00:01:27] [worker #50] Bootstrap tree #411, logLikelihood: -12121.627788
[00:01:27] [worker #85] Bootstrap tree #536, logLikelihood: -12139.504745
[00:01:27] [worker #79] Bootstrap tree #530, logLikelihood: -12182.205737
[00:01:28] [worker #38] Bootstrap tree #489, logLikelihood: -12077.318736
[00:01:29] [worker #34] Bootstrap tree #485, logLikelihood: -11931.984382
[00:01:29] [worker #76] Bootstrap tree #527, logLikelihood: -11626.242380
[00:01:29] [worker #35] Bootstrap tree #486, logLikelihood: -11821.617665
[00:01:29] [worker #39] Bootstrap tree #490, logLikelihood: -12149.389597
[00:01:29] [worker #24] Bootstrap tree #475, logLikelihood: -12008.901693
[00:01:29] [worker #83] Bootstrap tree #534, logLikelihood: -12252.688003
[00:01:29] [worker #31] Bootstrap tree #482, logLikelihood: -12091.895964
[00:01:29] [worker #75] Bootstrap tree #526, logLikelihood: -12114.608459
[00:01:29] [worker #18] Bootstrap tree #469, logLikelihood: -12060.973743
[00:01:29] [worker #72] Bootstrap tree #523, logLikelihood: -11979.776818
[00:01:29] [worker #80] Bootstrap tree #531, logLikelihood: -12068.021650
[00:01:29] [worker #46] Bootstrap tree #497, logLikelihood: -12080.650387
[00:01:29] [worker #62] Bootstrap tree #513, logLikelihood: -12062.692176
[00:01:29] [worker #78] Bootstrap tree #529, logLikelihood: -11944.690319
[00:01:29] [worker #12] Bootstrap tree #463, logLikelihood: -12390.329863
[00:01:29] [worker #17] Bootstrap tree #468, logLikelihood: -11718.881109
-11819.182694
[00:01:29] [worker #6] Bootstrap tree #457, logLikelihood: -12151.454061
[00:01:29] [worker #84] Bootstrap tree #535, logLikelihood: -13365.253706
[00:01:29] [worker #22] Bootstrap tree #473, logLikelihood: -11903.656899
[00:01:29] [worker #71] Bootstrap tree #522, logLikelihood: -12169.571802
[00:01:29] [worker #13] Bootstrap tree #464, logLikelihood: -12269.985379
[00:01:30] [worker #77] Bootstrap tree #528, logLikelihood: -11936.109629
[00:01:30] [worker #27] Bootstrap tree #478, logLikelihood: -12002.054712
[00:01:30] [worker #5] Bootstrap tree #456, logLikelihood: -11904.862415
[00:01:30] [worker #82] Bootstrap tree #533, logLikelihood: -11857.634080
[00:01:30] [worker #63] Bootstrap tree #514, logLikelihood: -12092.076875
[00:01:30] [worker #51] Bootstrap tree #502, logLikelihood: -12298.906504
[00:01:30] [worker #40] Bootstrap tree #491, logLikelihood: -12214.079917
[00:01:30] [worker #86] Bootstrap tree #537, logLikelihood: -11948.851080
[00:01:30] [worker #37] Bootstrap tree #488, logLikelihood: -12332.898403
[00:01:30] [worker #81] Bootstrap tree #532, logLikelihood: -13318.210441
[00:01:30] [worker #9] Bootstrap tree #460, logLikelihood: -13200.558882
[00:01:30] [worker #15] Bootstrap tree #466, logLikelihood: -11969.023674
[00:01:30] [worker #19] Bootstrap tree #470, logLikelihood: -12175.951247
[00:01:30] [worker #55] Bootstrap tree #506, logLikelihood: -12107.880727
[00:01:31] [worker #33] Bootstrap tree #484, logLikelihood: -12064.818153
[00:01:31] [worker #26] Bootstrap tree #477, logLikelihood: -11864.670384
[00:01:31] [worker #58] Bootstrap tree #509, logLikelihood: -12135.826535
[00:01:31] [worker #21] Bootstrap tree #472, logLikelihood: -12076.996089
[00:01:31] [worker #70] Bootstrap tree #521, logLikelihood: -11976.427256
[00:01:31] [worker #57] Bootstrap tree #508, logLikelihood: -12112.014505
[00:01:31] [worker #36] Bootstrap tree #487, logLikelihood: -12984.407738
[00:01:31] [worker #49] Bootstrap tree #500, logLikelihood: -11910.127667
[00:01:31] [worker #64] Bootstrap tree #515, logLikelihood: -12323.554692
[00:01:31] [worker #54] Bootstrap tree #505, logLikelihood: -12098.879809
[00:01:31] [worker #29] Bootstrap tree #480, logLikelihood: -12348.730416
[00:01:31] [worker #53] Bootstrap tree #504, logLikelihood: -12042.578918
[00:01:31] [worker #25] Bootstrap tree #476, logLikelihood: -12005.138113
[00:01:31] [worker #7] Bootstrap tree #458, logLikelihood: -12199.404433
[00:01:31] [worker #41] Bootstrap tree #492, logLikelihood: -12261.614814
[00:01:31] [worker #61] Bootstrap tree #512, logLikelihood: -12048.415372
[00:01:31] [worker #4] Bootstrap tree #455, logLikelihood: -11733.925784
[00:01:31] [worker #1] Bootstrap tree #452, logLikelihood: -12126.304576
[00:01:32] [worker #69] Bootstrap tree #520, logLikelihood: -12135.826640
[00:01:32] [worker #68] Bootstrap tree #519, logLikelihood: -11974.320850
[00:01:32] [worker #14] Bootstrap tree #465, logLikelihood: -11947.423693
[00:01:32] [worker #73] Bootstrap tree #524, logLikelihood: -12042.350154
[00:01:32] [worker #74] Bootstrap tree #525, logLikelihood: -12125.385398
[00:01:32] [worker #60] Bootstrap tree #511, logLikelihood: -12051.514637
[00:01:32] [worker #89] Bootstrap tree #540, logLikelihood: -12032.955754
[00:01:32] [worker #88] Bootstrap tree #539, logLikelihood: -12095.388555
[00:01:32] [worker #30] Bootstrap tree #481, logLikelihood: -11993.983252
[00:01:32] [worker #0] Bootstrap tree #451, logLikelihood: -12092.862645
[00:01:32] [worker #10] Bootstrap tree #461, logLikelihood: -12144.126729
[00:01:32] [worker #11] Bootstrap tree #462, logLikelihood: -11956.030502
[00:01:32] [worker #28] Bootstrap tree #479, logLikelihood: -12152.045662
[00:01:33] [worker #3] Bootstrap tree #454, logLikelihood: -11867.480070
[00:01:33] [worker #67] Bootstrap tree #518, logLikelihood: -12178.231794
[00:01:33] [worker #66] Bootstrap tree #517, logLikelihood: -13025.675751
[00:01:33] [worker #23] Bootstrap tree #474, logLikelihood: -12044.595889
[00:01:33] [worker #16] Bootstrap tree #467, logLikelihood: -11909.336139
[00:01:33] [worker #32] Bootstrap tree #483, logLikelihood: -12195.958501
[00:01:33] [worker #59] Bootstrap tree #510, logLikelihood: -11845.524229
[00:01:33] [worker #8] Bootstrap tree #459, logLikelihood: -12117.766319
[00:01:34] [worker #48] Bootstrap tree #499, logLikelihood: -12203.880086
[00:01:34] [worker #56] Bootstrap tree #507, logLikelihood: -12434.509018
[00:01:34] [worker #20] Bootstrap tree #471, logLikelihood: -11929.049172
[00:01:35] [worker #65] Bootstrap tree #516, logLikelihood: -11885.527471
[00:01:35] [worker #2] Bootstrap tree #453, logLikelihood: -11927.200763
[00:01:36] [worker #87] Bootstrap tree #538, logLikelihood: -11866.026656
[00:01:37] [worker #50] Bootstrap tree #501, logLikelihood: -12421.080535
[00:01:43] [worker #45] Bootstrap tree #586, logLikelihood: -11997.116512
[00:01:43] [worker #44] Bootstrap tree #585, logLikelihood: -12198.277865
[00:01:43] [worker #47] Bootstrap tree #588, logLikelihood: -11978.765169
[00:01:44] [worker #43] Bootstrap tree #584, logLikelihood: -12087.087424
[00:01:44] [worker #42] Bootstrap tree #583, logLikelihood: -12200.882237
[00:01:46] [worker #41] Bootstrap tree #582, logLikelihood: -12138.426005
[00:01:46] [worker #73] Bootstrap tree #614, logLikelihood: -12029.237638
[00:01:46] [worker #75] Bootstrap tree #616, logLikelihood: -12048.200003
[00:01:46] [worker #24] Bootstrap tree #565, logLikelihood: -12059.044152
[00:01:46] [worker #27] Bootstrap tree #568, logLikelihood: -11828.629306
[00:01:46] [worker #6] Bootstrap tree #547, logLikelihood: -11944.907016
[00:01:46] [worker #30] Bootstrap tree #571, logLikelihood: -11898.599805
[00:01:46] [worker #76] Bootstrap tree #617, logLikelihood: -12280.766102
[00:01:47] [worker #80] Bootstrap tree #621, logLikelihood: -12210.629511
[00:01:47] [worker #46] Bootstrap tree #587, logLikelihood: -11985.264086
[00:01:47] [worker #89] Bootstrap tree #630, logLikelihood: -12054.280487
[00:01:47] [worker #79] Bootstrap tree #620, logLikelihood: -12285.559654
00:01:47] [worker #55] Bootstrap tree #596, logLikelihood: -12128.066167
[00:01:47] [worker #81] Bootstrap tree #622, logLikelihood: -12144.381095
[00:01:47] [worker #83] Bootstrap tree #624, logLikelihood: -12067.664561
[00:01:47] [worker #40] Bootstrap tree #581, logLikelihood: -11969.312599
[00:01:47] [worker #71] Bootstrap tree #612, logLikelihood: -12980.124007
[00:01:47] [worker #33] Bootstrap tree #574, logLikelihood: -12116.012510
[00:01:47] [worker #84] Bootstrap tree #625, logLikelihood: -12065.228517
[00:01:47] [worker #56] Bootstrap tree #597, logLikelihood: -12194.431719
[00:01:47] [worker #31] Bootstrap tree #572, logLikelihood: -12086.009440
[00:01:47] [worker #61] Bootstrap tree #602, logLikelihood: -12050.866102
[00:01:47] [worker #29] Bootstrap tree #570, logLikelihood: -11999.431934
[00:01:47] [worker #38] Bootstrap tree #579, logLikelihood: -11825.725554
[00:01:47] [worker #34] Bootstrap tree #575, logLikelihood: -11839.112214
[00:01:47] [worker #67] Bootstrap tree #608, logLikelihood: -12139.087332
[00:01:47] [worker #49] Bootstrap tree #590, logLikelihood: -11852.884029
[00:01:47] [worker #87] Bootstrap tree #628, logLikelihood: -13123.908886
[00:01:47] [worker #50] Bootstrap tree #591, logLikelihood: -11990.846062
[00:01:47] [worker #17] Bootstrap tree #558, logLikelihood: -12173.033218
[00:01:47] [worker #48] Bootstrap tree #589, logLikelihood: -11867.632361
[00:01:47] [worker #5] Bootstrap tree #546, logLikelihood: -12008.878656
[00:01:47] [worker #78] Bootstrap tree #619, logLikelihood: -12141.117788
[00:01:47] [worker #64] Bootstrap tree #605, logLikelihood: -11798.131449
[00:01:47] [worker #68] Bootstrap tree #609, logLikelihood: -12307.785814
[00:01:47] [worker #28] Bootstrap tree #569, logLikelihood: -12183.939228
[00:01:47] [worker #15] Bootstrap tree #556, logLikelihood: -12046.321742
[00:01:48] [worker #85] Bootstrap tree #626, logLikelihood: -12220.483126
[00:01:48] [worker #54] Bootstrap tree #595, logLikelihood: -12068.051428
[00:01:48] [worker #9] Bootstrap tree #550, logLikelihood: -12033.535015
[00:01:48] [worker #69] Bootstrap tree #610, logLikelihood: -12162.970653
[00:01:48] [worker #12] Bootstrap tree #553, logLikelihood: -12169.453710
[00:01:48] [worker #1] Bootstrap tree #542, logLikelihood: -11907.437637
[00:01:48] [worker #39] Bootstrap tree #580, logLikelihood: -12935.076093
[00:01:48] [worker #19] Bootstrap tree #560, logLikelihood: -11801.945142
[00:01:48] [worker #35] Bootstrap tree #576, logLikelihood: -11907.742208
[00:01:48] [worker #25] Bootstrap tree #566, logLikelihood: -12508.978438
[00:01:48] [worker #63] Bootstrap tree #604, logLikelihood: -11914.773817
[00:01:48] [worker #2] Bootstrap tree #543, logLikelihood: -12234.640993
[00:01:48] [worker #11] Bootstrap tree #552, logLikelihood: -12199.732346
[00:01:48] [worker #26] Bootstrap tree #567, logLikelihood: -12189.570900
[00:01:48] [worker #72] Bootstrap tree #613, logLikelihood: -12047.776764
[00:01:48] [worker #20] Bootstrap tree #561, logLikelihood: -12091.611654
[00:01:48] [worker #74] Bootstrap tree #615, logLikelihood: -11990.313732
[00:01:48] [worker #65] Bootstrap tree #606, logLikelihood: -12077.425468
[00:01:48] [worker #60] Bootstrap tree #601, logLikelihood: -12308.612537
[00:01:48] [worker #37] Bootstrap tree #578, logLikelihood: -12057.076380
[00:01:48] [worker #4] Bootstrap tree #545, logLikelihood: -11966.613168
[00:01:48] [worker #36] Bootstrap tree #577, logLikelihood: -12114.871448
[00:01:48] [worker #58] Bootstrap tree #599, logLikelihood: -11908.063317
[00:01:48] [worker #77] Bootstrap tree #618, logLikelihood: -11956.298932
[00:01:49] [worker #14] Bootstrap tree #555, logLikelihood: -11922.229672
[00:01:49] [worker #86] Bootstrap tree #627, logLikelihood: -11939.535393
[00:01:49] [worker #21] Bootstrap tree #562, logLikelihood: -12330.586434
[00:01:49] [worker #10] Bootstrap tree #551, logLikelihood: -12095.233139
[00:01:49] [worker #13] Bootstrap tree #554, logLikelihood: -12165.321997
[00:01:49] [worker #59] Bootstrap tree #600, logLikelihood: -11944.964199
[00:01:49] [worker #44] Bootstrap tree #675, logLikelihood: -12008.258371
[00:01:49] [worker #45] Bootstrap tree #676, logLikelihood: -12258.342792
[00:01:49] [worker #23] Bootstrap tree #564, logLikelihood: -12345.283030
[00:01:49] [worker #22] Bootstrap tree #563, logLikelihood: -11973.775536
[00:01:49] [worker #82] Bootstrap tree #623, logLikelihood: -12267.940268
[00:01:49] [worker #16] Bootstrap tree #557, logLikelihood: -12164.204416
[00:01:49] [worker #52] Bootstrap tree #593, logLikelihood: -12423.225063
[00:01:49] [worker #51] Bootstrap tree #592, logLikelihood: -12138.575983
[00:01:49] [worker #62] Bootstrap tree #603, logLikelihood: -11975.466898
[00:01:49] [worker #88] Bootstrap tree #629, logLikelihood: -12037.273568
[00:01:49] [worker #7] Bootstrap tree #548, logLikelihood: -12287.242185
[00:01:49] [worker #57] Bootstrap tree #598, logLikelihood: -12026.549325
[00:01:50] [worker #3] Bootstrap tree #544, logLikelihood: -12192.178529
[00:01:50] [worker #47] Bootstrap tree #678, logLikelihood: -12028.897440
[00:01:50] [worker #53] Bootstrap tree #594, logLikelihood: -12095.044900
[00:01:50] [worker #43] Bootstrap tree #674, logLikelihood: -11797.975333
[00:01:50] [worker #42] Bootstrap tree #673, logLikelihood: -12472.239881
[00:01:50] [worker #66] Bootstrap tree #607, logLikelihood: -12199.052411
[00:01:50] [worker #18] Bootstrap tree #559, logLikelihood: -11818.310261
[00:01:51] [worker #0] Bootstrap tree #541, logLikelihood: -12201.261402
[00:01:52] [worker #70] Bootstrap tree #611, logLikelihood: -12221.979538
[00:01:53] [worker #32] Bootstrap tree #573, logLikelihood: -12216.678561
[00:01:54] [worker #8] Bootstrap tree #549, logLikelihood: -12904.189313
[00:01:55] [worker #27] Bootstrap tree #658, logLikelihood: -11764.590260
[00:01:55] [worker #75] Bootstrap tree #706, logLikelihood: -11966.982145
[00:01:55] [worker #81] Bootstrap tree #712, logLikelihood: -11987.438888
[00:01:55] [worker #41] Bootstrap tree #672, logLikelihood: -12010.983282
[00:01:56] [worker #24] Bootstrap tree #655, logLikelihood: -12007.970452
[00:01:56] [worker #89] Bootstrap tree #720, logLikelihood: -11946.980348
[00:01:56] [worker #46] Bootstrap tree #677, logLikelihood: -12052.268324
[00:01:56] [worker #83] Bootstrap tree #714, logLikelihood: -11910.465861
[00:01:56] [worker #6] Bootstrap tree #637, logLikelihood: -12191.530780
[00:01:56] [worker #33] Bootstrap tree #664, logLikelihood: -11968.114712
[00:01:56] [worker #79] Bootstrap tree #710, logLikelihood: -12137.089169
[00:01:56] [worker #56] Bootstrap tree #687, logLikelihood: -11843.396050
[00:01:56] [worker #39] Bootstrap tree #670, logLikelihood: -11750.969484
[00:01:56] [worker #40] Bootstrap tree #671, logLikelihood: -12114.227345
[00:01:56] [worker #80] Bootstrap tree #711, logLikelihood: -11885.363714
[00:01:56] [worker #76] Bootstrap tree #707, logLikelihood: -12119.188166
[00:01:56] [worker #31] Bootstrap tree #662, logLikelihood: -12023.458714
[00:01:56] [worker #84] Bootstrap tree #715, logLikelihood: -11789.405985
[00:01:56] [worker #87] Bootstrap tree #718, logLikelihood: -12083.032507
[00:01:56] [worker #73] Bootstrap tree #704, logLikelihood: -11877.612567
[00:01:57] [worker #38] Bootstrap tree #669, logLikelihood: -12039.674414
[00:01:57] [worker #28] Bootstrap tree #659, logLikelihood: -12119.840426
[00:01:57] [worker #48] Bootstrap tree #679, logLikelihood: -12093.236731
[00:01:57] [worker #34] Bootstrap tree #665, logLikelihood: -11896.848738
[00:01:57] [worker #5] Bootstrap tree #636, logLikelihood: -12095.018084
[00:01:57] [worker #78] Bootstrap tree #709, logLikelihood: -13263.452353
[00:01:57] [worker #55] Bootstrap tree #686, logLikelihood: -12007.473055
[00:01:57] [worker #17] Bootstrap tree #648, logLikelihood: -12047.594615
[00:01:57] [worker #61] Bootstrap tree #692, logLikelihood: -12989.432033
[00:01:57] [worker #37] Bootstrap tree #668, logLikelihood: -11859.295061
[00:01:57] [worker #1] Bootstrap tree #632, logLikelihood: -12150.119483
[00:01:57] [worker #63] Bootstrap tree #694, logLikelihood: -12165.180027
[00:01:57] [worker #54] Bootstrap tree #685, logLikelihood: -12087.778109
[00:01:57] [worker #12] Bootstrap tree #643, logLikelihood: -12282.952971
[00:01:57] [worker #30] Bootstrap tree #661, logLikelihood: -11936.182358
[00:01:58] [worker #11] Bootstrap tree #642, logLikelihood: -12049.567094
[00:01:58] [worker #20] Bootstrap tree #651, logLikelihood: -12016.978443
[00:01:58] [worker #15] Bootstrap tree #646, logLikelihood: -13205.902220
[00:01:58] [worker #69] Bootstrap tree #700, logLikelihood: -11966.115805
[00:01:58] [worker #25] Bootstrap tree #656, logLikelihood: -12106.083460
[00:01:58] [worker #19] Bootstrap tree #650, logLikelihood: -12221.528266
[00:01:58] [worker #26] Bootstrap tree #657, logLikelihood: -11876.893509
[00:01:58] [worker #13] Bootstrap tree #644, logLikelihood: -12126.956920
[00:01:58] [worker #77] Bootstrap tree #708, logLikelihood: -11866.812113
[00:01:58] [worker #35] Bootstrap tree #666, logLikelihood: -11890.354988
[00:01:58] [worker #36] Bootstrap tree #667, logLikelihood: -12086.795957
[00:01:58] [worker #85] Bootstrap tree #716, logLikelihood: -12251.096178
[00:01:58] [worker #58] Bootstrap tree #689, logLikelihood: -12069.195090
[00:01:58] [worker #29] Bootstrap tree #660, logLikelihood: -12152.926314
[00:01:58] [worker #68] Bootstrap tree #699, logLikelihood: -12233.681218
[00:01:59] [worker #2] Bootstrap tree #633, logLikelihood: -13398.176818
[00:01:59] [worker #64] Bootstrap tree #695, logLikelihood: -12079.908192
[00:01:59] [worker #14] Bootstrap tree #645, logLikelihood: -11622.719855
[00:01:59] [worker #49] Bootstrap tree #680, logLikelihood: -11979.439089
[00:01:59] [worker #22] Bootstrap tree #653, logLikelihood: -12160.379877
[00:01:59] [worker #67] Bootstrap tree #698, logLikelihood: -12146.979961
[00:01:59] [worker #21] Bootstrap tree #652, logLikelihood: -11959.408724
[00:01:59] [worker #72] Bootstrap tree #703, logLikelihood: -11957.932593
[00:01:59] [worker #74] Bootstrap tree #705, logLikelihood: -12244.602619
[00:01:59] [worker #60] Bootstrap tree #691, logLikelihood: -11968.384003
[00:01:59] [worker #50] Bootstrap tree #681, logLikelihood: -12711.124681
[00:01:59] [worker #4] Bootstrap tree #635, logLikelihood: -11950.399012
[00:01:59] [worker #10] Bootstrap tree #641, logLikelihood: -12316.617963
[00:01:59] [worker #16] Bootstrap tree #647, logLikelihood: -12667.087233
[00:01:59] [worker #9] Bootstrap tree #640, logLikelihood: -11985.434271
[00:01:59] [worker #3] Bootstrap tree #634, logLikelihood: -12180.552937
[00:01:59] [worker #51] Bootstrap tree #682, logLikelihood: -12151.256813
[00:01:59] [worker #52] Bootstrap tree #683, logLikelihood: -12083.304377
[00:01:59] [worker #82] Bootstrap tree #713, logLikelihood: -12244.250542
[00:01:59] [worker #86] Bootstrap tree #717, logLikelihood: -11782.384822
[00:01:59] [worker #88] Bootstrap tree #719, logLikelihood: -12283.031601
[00:01:59] [worker #71] Bootstrap tree #702, logLikelihood: -12204.927949
[00:01:59] [worker #59] Bootstrap tree #690, logLikelihood: -12015.369351
[00:01:59] [worker #7] Bootstrap tree #638, logLikelihood: -11922.334332
[00:01:59] [worker #18] Bootstrap tree #649, logLikelihood: -11825.577699
[00:01:59] [worker #65] Bootstrap tree #696, logLikelihood: -12227.063462
[00:01:59] [worker #62] Bootstrap tree #693, logLikelihood: -12240.142300
[00:02:00] [worker #53] Bootstrap tree #684, logLikelihood: -12125.212254
[00:02:00] [worker #57] Bootstrap tree #688, logLikelihood: -12319.611675
[00:02:00] [worker #23] Bootstrap tree #654, logLikelihood: -11698.126671
[00:02:01] [worker #66] Bootstrap tree #697, logLikelihood: -12105.282897
[00:02:02] [worker #70] Bootstrap tree #701, logLikelihood: -12915.229499
[00:02:02] [worker #0] Bootstrap tree #631, logLikelihood: -12250.970603
[00:02:03] [worker #32] Bootstrap tree #663, logLikelihood: -11869.187315
[00:02:04] [worker #8] Bootstrap tree #639, logLikelihood: -12132.863729
[00:02:09] [worker #42] Bootstrap tree #763, logLikelihood: -12244.763064
[00:02:10] [worker #47] Bootstrap tree #768, logLikelihood: -12000.639827
[00:02:10] [worker #44] Bootstrap tree #765, logLikelihood: -12146.423534
[00:02:10] [worker #45] Bootstrap tree #766, logLikelihood: -11792.501004
[00:02:11] [worker #43] Bootstrap tree #764, logLikelihood: -11963.767821
[00:02:13] [worker #89] Bootstrap tree #810, logLikelihood: -11950.547702
[00:02:13] [worker #37] Bootstrap tree #758, logLikelihood: -11772.380485
[00:02:13] [worker #24] Bootstrap tree #745, logLikelihood: -11927.082765
[00:02:13] [worker #38] Bootstrap tree #759, logLikelihood: -11757.902405
[00:02:13] [worker #59] Bootstrap tree #780, logLikelihood: -11959.523343
[00:02:14] [worker #62] Bootstrap tree #783, logLikelihood: -12107.278244
[00:02:14] [worker #79] Bootstrap tree #800, logLikelihood: -11733.875811
[00:02:14] [worker #74] Bootstrap tree #795, logLikelihood: -11993.186171
[00:02:14] [worker #28] Bootstrap tree #749, logLikelihood: -12245.466657
[00:02:14] [worker #25] Bootstrap tree #746, logLikelihood: -12127.897732
[00:02:14] [worker #21] Bootstrap tree #742, logLikelihood: -11928.719433
[00:02:14] [worker #52] Bootstrap tree #773, logLikelihood: -12009.372093
[00:02:14] [worker #53] Bootstrap tree #774, logLikelihood: -12142.406251
[00:02:14] [worker #1] Bootstrap tree #722, logLikelihood: -11901.104103
[00:02:14] [worker #81] Bootstrap tree #802, logLikelihood: -11798.211755
[00:02:14] [worker #51] Bootstrap tree #772, logLikelihood: -12219.153366
[00:02:14] [worker #58] Bootstrap tree #779, logLikelihood: -12079.174642
[00:02:14] [worker #41] Bootstrap tree #762, logLikelihood: -11721.947982
[00:02:14] [worker #77] Bootstrap tree #798, logLikelihood: -12196.389184
[00:02:14] [worker #18] Bootstrap tree #739, logLikelihood: -11805.211331
[00:02:14] [worker #88] Bootstrap tree #809, logLikelihood: -12020.528602
[00:02:14] [worker #16] Bootstrap tree #737, logLikelihood: -11889.976870
[00:02:14] [worker #82] Bootstrap tree #803, logLikelihood: -11925.705529
[00:02:14] [worker #72] Bootstrap tree #793, logLikelihood: -11869.860450
[00:02:14] [worker #80] Bootstrap tree #801, logLikelihood: -11700.736200
[00:02:14] [worker #60] Bootstrap tree #781, logLikelihood: -11782.945001
[00:02:14] [worker #12] Bootstrap tree #733, logLikelihood: -12467.880254
[00:02:14] [worker #85] Bootstrap tree #806, logLikelihood: -12049.966322
[00:02:14] [worker #6] Bootstrap tree #727, logLikelihood: -12094.728088
[00:02:14] [worker #31] Bootstrap tree #752, logLikelihood: -12023.292872
[00:02:14] [worker #63] Bootstrap tree #784, logLikelihood: -12034.732890
[00:02:14] [worker #75] Bootstrap tree #796, logLikelihood: -11905.037010
[00:02:14] [worker #3] Bootstrap tree #724, logLikelihood: -12122.597054
[00:02:15] [worker #65] Bootstrap tree #786, logLikelihood: -12246.998911
[00:02:15] [worker #67] Bootstrap tree #788, logLikelihood: -11752.785245
[00:02:15] [worker #68] Bootstrap tree #789, logLikelihood: -12064.278189
[00:02:15] [worker #64] Bootstrap tree #785, logLikelihood: -11930.159416
[00:02:15] [worker #11] Bootstrap tree #732, logLikelihood: -12185.243664
[00:02:15] [worker #55] Bootstrap tree #776, logLikelihood: -11695.030115
[00:02:15] [worker #76] Bootstrap tree #797, logLikelihood: -12179.017955
[00:02:15] [worker #14] Bootstrap tree #735, logLikelihood: -12021.834219
[00:02:15] [worker #56] Bootstrap tree #777, logLikelihood: -11911.801605
[00:02:15] [worker #27] Bootstrap tree #748, logLikelihood: -12223.121853
[00:02:15] [worker #71] Bootstrap tree #792, logLikelihood: -11619.746288
[00:02:15] [worker #42] Bootstrap tree #853, logLikelihood: -11962.203616
[00:02:15] [worker #49] Bootstrap tree #770, logLikelihood: -11778.325502
[00:02:15] [worker #78] Bootstrap tree #799, logLikelihood: -12076.604992
[00:02:15] [worker #40] Bootstrap tree #761, logLikelihood: -11669.360213
[00:02:15] [worker #19] Bootstrap tree #740, logLikelihood: -12061.687632
[00:02:15] [worker #15] Bootstrap tree #736, logLikelihood: -12358.845446
[00:02:15] [worker #46] Bootstrap tree #767, logLikelihood: -12150.407089
[00:02:15] [worker #8] Bootstrap tree #729, logLikelihood: -12345.419159
[00:02:15] [worker #84] Bootstrap tree #805, logLikelihood: -12088.581538
[00:02:15] [worker #9] Bootstrap tree #730, logLikelihood: -11857.634074
[00:02:15] [worker #13] Bootstrap tree #734, logLikelihood: -11972.496534
[00:02:15] [worker #26] Bootstrap tree #747, logLikelihood: -11770.156974
[00:02:15] [worker #69] Bootstrap tree #790, logLikelihood: -12156.481209
[00:02:15] [worker #32] Bootstrap tree #753, logLikelihood: -12187.057941
[00:02:15] [worker #39] Bootstrap tree #760, logLikelihood: -12001.412233
[00:02:15] [worker #36] Bootstrap tree #757, logLikelihood: -12164.190202
[00:02:15] [worker #44] Bootstrap tree #855, logLikelihood: -12044.476230
[00:02:15] [worker #57] Bootstrap tree #778, logLikelihood: -11939.621784
[00:02:15] [worker #22] Bootstrap tree #743, logLikelihood: -12205.949956
[00:02:16] [worker #73] Bootstrap tree #794, logLikelihood: -11738.355004
[00:02:16] [worker #54] Bootstrap tree #775, logLikelihood: -12092.534176
[00:02:16] [worker #70] Bootstrap tree #791, logLikelihood: -12032.403986
[00:02:16] [worker #30] Bootstrap tree #751, logLikelihood: -12139.588630
[00:02:16] [worker #48] Bootstrap tree #769, logLikelihood: -11900.284339
[00:02:16] [worker #2] Bootstrap tree #723, logLikelihood: -12058.129025
[00:02:16] [worker #83] Bootstrap tree #804, logLikelihood: -12184.309521
[00:02:16] [worker #10] Bootstrap tree #731, logLikelihood: -12285.189058
[00:02:16] [worker #47] Bootstrap tree #858, logLikelihood: -11928.604378
[00:02:16] [worker #87] Bootstrap tree #808, logLikelihood: -12056.296708
[00:02:16] [worker #17] Bootstrap tree #738, logLikelihood: -12203.958094
[00:02:16] [worker #35] Bootstrap tree #756, logLikelihood: -12131.240942
[00:02:16] [worker #45] Bootstrap tree #856, logLikelihood: -12159.017302
[00:02:16] [worker #34] Bootstrap tree #755, logLikelihood: -11939.451494
[00:02:16] [worker #23] Bootstrap tree #744, logLikelihood: -12230.788406
[00:02:16] [worker #5] Bootstrap tree #726, logLikelihood: -12031.309944
[00:02:16] [worker #7] Bootstrap tree #728, logLikelihood: -12147.562112
[00:02:16] [worker #86] Bootstrap tree #807, logLikelihood: -12165.916176
[00:02:16] [worker #29] Bootstrap tree #750, logLikelihood: -11837.498370
[00:02:16] [worker #0] Bootstrap tree #721, logLikelihood: -11961.974896
[00:02:16] [worker #33] Bootstrap tree #754, logLikelihood: -12038.633427
[00:02:16] [worker #20] Bootstrap tree #741, logLikelihood: -12059.172280
[00:02:17] [worker #66] Bootstrap tree #787, logLikelihood: -12238.821791
[00:02:17] [worker #43] Bootstrap tree #854, logLikelihood: -12093.763375
[00:02:17] [worker #50] Bootstrap tree #771, logLikelihood: -13448.807700
[00:02:17] [worker #4] Bootstrap tree #725, logLikelihood: -13175.689993
[00:02:18] [worker #61] Bootstrap tree #782, logLikelihood: -12172.453132
[00:02:22] [worker #37] Bootstrap tree #848, logLikelihood: -11899.464494
[00:02:22] [worker #38] Bootstrap tree #849, logLikelihood: -12086.996450
[00:02:23] [worker #80] Bootstrap tree #891, logLikelihood: -11975.462745
[00:02:23] [worker #74] Bootstrap tree #885, logLikelihood: -11669.592666
[00:02:23] [worker #79] Bootstrap tree #890, logLikelihood: -12019.047407
[00:02:23] [worker #88] Bootstrap tree #899, logLikelihood: -12225.661232
[00:02:23] [worker #24] Bootstrap tree #835, logLikelihood: -12110.091436
[00:02:23] [worker #25] Bootstrap tree #836, logLikelihood: -12027.493627
[00:02:23] [worker #72] Bootstrap tree #883, logLikelihood: -11879.921701
[00:02:23] [worker #41] Bootstrap tree #852, logLikelihood: -12192.714252
[00:02:23] [worker #77] Bootstrap tree #888, logLikelihood: -12138.134668
[00:02:23] [worker #85] Bootstrap tree #896, logLikelihood: -12287.620785
[00:02:24] [worker #53] Bootstrap tree #864, logLikelihood: -11921.698017
[00:02:24] [worker #81] Bootstrap tree #892, logLikelihood: -12068.429176
[00:02:24] [worker #84] Bootstrap tree #895, logLikelihood: -12155.276881
[00:02:24] [worker #18] Bootstrap tree #829, logLikelihood: -12209.850264
[00:02:24] [worker #89] Bootstrap tree #900, logLikelihood: -12070.389280
[00:02:24] [worker #14] Bootstrap tree #825, logLikelihood: -12317.702894
[00:02:24] [worker #46] Bootstrap tree #857, logLikelihood: -11674.987214
[00:02:24] [worker #28] Bootstrap tree #839, logLikelihood: -12092.894891
[00:02:24] [worker #31] Bootstrap tree #842, logLikelihood: -11903.592855
[00:02:24] [worker #19] Bootstrap tree #830, logLikelihood: -12055.023953
[00:02:24] [worker #27] Bootstrap tree #838, logLikelihood: -11878.257859
[00:02:24] [worker #32] Bootstrap tree #843, logLikelihood: -11896.323140
[00:02:24] [worker #60] Bootstrap tree #871, logLikelihood: -12168.265747
[00:02:24] [worker #76] Bootstrap tree #887, logLikelihood: -12209.206745
[00:02:24] [worker #75] Bootstrap tree #886, logLikelihood: -12146.614423
[00:02:24] [worker #36] Bootstrap tree #847, logLikelihood: -12113.215138
[00:02:24] [worker #52] Bootstrap tree #863, logLikelihood: -12233.027623
[00:02:24] [worker #73] Bootstrap tree #884, logLikelihood: -12013.800614
[00:02:25] [worker #82] Bootstrap tree #893, logLikelihood: -11932.073067
[00:02:25] [worker #39] Bootstrap tree #850, logLikelihood: -12141.470699
[00:02:25] [worker #35] Bootstrap tree #846, logLikelihood: -12405.802509
[00:02:25] [worker #64] Bootstrap tree #875, logLikelihood: -12784.173021
[00:02:25] [worker #30] Bootstrap tree #841, logLikelihood: -11985.219976
[00:02:25] [worker #13] Bootstrap tree #824, logLikelihood: -11946.099822
[00:02:25] [worker #67] Bootstrap tree #878, logLikelihood: -11731.166335
[00:02:25] [worker #1] Bootstrap tree #812, logLikelihood: -11971.971691
[00:02:25] [worker #62] Bootstrap tree #873, logLikelihood: -11936.125999
[00:02:25] [worker #58] Bootstrap tree #869, logLikelihood: -12289.964679
[00:02:25] [worker #8] Bootstrap tree #819, logLikelihood: -11953.993103
[00:02:25] [worker #87] Bootstrap tree #898, logLikelihood: -12028.132741
[00:02:25] [worker #21] Bootstrap tree #832, logLikelihood: -12081.900527
[00:02:25] [worker #51] Bootstrap tree #862, logLikelihood: -12174.913803
[00:02:26] [worker #68] Bootstrap tree #879, logLikelihood: -13368.868244
[00:02:26] [worker #66] Bootstrap tree #877, logLikelihood: -12130.334026
[00:02:26] [worker #23] Bootstrap tree #834, logLikelihood: -12022.819788
[00:02:26] [worker #40] Bootstrap tree #851, logLikelihood: -12235.908707
[00:02:26] [worker #54] Bootstrap tree #865, logLikelihood: -11888.812781
[00:02:26] [worker #55] Bootstrap tree #866, logLikelihood: -12038.213489
[00:02:26] [worker #48] Bootstrap tree #859, logLikelihood: -11903.576280
[00:02:26] [worker #6] Bootstrap tree #817, logLikelihood: -12060.589874
[00:02:26] [worker #26] Bootstrap tree #837, logLikelihood: -11941.333934
[00:02:26] [worker #86] Bootstrap tree #897, logLikelihood: -12265.521385
[00:02:26] [worker #7] Bootstrap tree #818, logLikelihood: -11747.662806
[00:02:26] [worker #69] Bootstrap tree #880, logLikelihood: -12819.048563
[00:02:26] [worker #57] Bootstrap tree #868, logLikelihood: -12202.247298
[00:02:26] [worker #5] Bootstrap tree #816, logLikelihood: -12031.109240
[00:02:26] [worker #34] Bootstrap tree #845, logLikelihood: -12170.914968
[00:02:26] [worker #29] Bootstrap tree #840, logLikelihood: -12005.526426
[00:02:26] [worker #9] Bootstrap tree #820, logLikelihood: -11954.798921
[00:02:26] [worker #56] Bootstrap tree #867, logLikelihood: -12250.527084
[00:02:26] [worker #12] Bootstrap tree #823, logLikelihood: -11963.009168
[00:02:26] [worker #63] Bootstrap tree #874, logLikelihood: -11941.082518
[00:02:26] [worker #17] Bootstrap tree #828, logLikelihood: -12001.933136
[00:02:26] [worker #22] Bootstrap tree #833, logLikelihood: -11793.837860
[00:02:27] [worker #33] Bootstrap tree #844, logLikelihood: -12199.601641
[00:02:27] [worker #16] Bootstrap tree #827, logLikelihood: -11928.849764
[00:02:27] [worker #71] Bootstrap tree #882, logLikelihood: -11948.328636
[00:02:27] [worker #11] Bootstrap tree #822, logLikelihood: -12190.741864
[00:02:27] [worker #2] Bootstrap tree #813, logLikelihood: -12392.201147
[00:02:27] [worker #3] Bootstrap tree #814, logLikelihood: -12254.524180
[00:02:27] [worker #83] Bootstrap tree #894, logLikelihood: -12082.803678
[00:02:27] [worker #59] Bootstrap tree #870, logLikelihood: -12186.228037
[00:02:27] [worker #61] Bootstrap tree #872, logLikelihood: -11894.672073
[00:02:28] [worker #49] Bootstrap tree #860, logLikelihood: -12252.064054
[00:02:28] [worker #10] Bootstrap tree #821, logLikelihood: -12013.977110
[00:02:28] [worker #0] Bootstrap tree #811, logLikelihood: -11783.227050
[00:02:28] [worker #65] Bootstrap tree #876, logLikelihood: -12382.526299
[00:02:28] [worker #4] Bootstrap tree #815, logLikelihood: -12069.848959
[00:02:28] [worker #50] Bootstrap tree #861, logLikelihood: -11931.411503
[00:02:29] [worker #20] Bootstrap tree #831, logLikelihood: -12043.827578
[00:02:29] [worker #15] Bootstrap tree #826, logLikelihood: -11960.114450
[00:02:30] [worker #70] Bootstrap tree #881, logLikelihood: -11869.269314
[00:02:30] [worker #78] Bootstrap tree #889, logLikelihood: -12340.449329
[00:02:36] [worker #44] Bootstrap tree #945, logLikelihood: -11753.151466
[00:02:36] [worker #47] Bootstrap tree #948, logLikelihood: -12146.610202
[00:02:36] [worker #43] Bootstrap tree #944, logLikelihood: -12180.678362
[00:02:36] [worker #45] Bootstrap tree #946, logLikelihood: -12073.055386
[00:02:37] [worker #42] Bootstrap tree #943, logLikelihood: -12014.625692
[00:02:39] [worker #46] Bootstrap tree #947, logLikelihood: -12039.622612
[00:02:39] [worker #79] Bootstrap tree #980, logLikelihood: -11915.747231
[00:02:39] [worker #74] Bootstrap tree #975, logLikelihood: -12116.440088
[00:02:39] [worker #40] Bootstrap tree #941, logLikelihood: -11775.986866
[00:02:39] [worker #65] Bootstrap tree #966, logLikelihood: -12308.929771
[00:02:39] [worker #89] Bootstrap tree #990, logLikelihood: -12150.656604
[00:02:39] [worker #30] Bootstrap tree #931, logLikelihood: -11919.129240
[00:02:39] [worker #61] Bootstrap tree #962, logLikelihood: -12175.497444
[00:02:39] [worker #83] Bootstrap tree #984, logLikelihood: -12197.193987
[00:02:39] [worker #85] Bootstrap tree #986, logLikelihood: -11875.192483
[00:02:39] [worker #87] Bootstrap tree #988, logLikelihood: -12342.273157
[00:02:39] [worker #28] Bootstrap tree #929, logLikelihood: -12061.707224
[00:02:40] [worker #32] Bootstrap tree #933, logLikelihood: -12193.370477
[00:02:40] [worker #27] Bootstrap tree #928, logLikelihood: -12061.915739
[00:02:40] [worker #88] Bootstrap tree #989, logLikelihood: -11817.837305
[00:02:40] [worker #84] Bootstrap tree #985, logLikelihood: -11908.069539
[00:02:40] [worker #78] Bootstrap tree #979, logLikelihood: -11845.215562
[00:02:40] [worker #7] Bootstrap tree #908, logLikelihood: -12116.058651
[00:02:40] [worker #10] Bootstrap tree #911, logLikelihood: -11909.845502
[00:02:40] [worker #73] Bootstrap tree #974, logLikelihood: -12340.690827
[00:02:40] [worker #31] Bootstrap tree #932, logLikelihood: -11921.047009
[00:02:40] [worker #23] Bootstrap tree #924, logLikelihood: -11869.501355
[00:02:40] [worker #13] Bootstrap tree #914, logLikelihood: -11853.275904
[00:02:40] [worker #38] Bootstrap tree #939, logLikelihood: -12234.770538
[00:02:40] [worker #70] Bootstrap tree #971, logLikelihood: -12236.434467
[00:02:40] [worker #50] Bootstrap tree #951, logLikelihood: -12269.183752
[00:02:40] [worker #71] Bootstrap tree #972, logLikelihood: -12251.893895
[00:02:40] [worker #12] Bootstrap tree #913, logLikelihood: -12203.226446
[00:02:40] [worker #54] Bootstrap tree #955, logLikelihood: -11734.406457
[00:02:40] [worker #3] Bootstrap tree #904, logLikelihood: -11829.123686
[00:02:40] [worker #39] Bootstrap tree #940, logLikelihood: -11907.221940
[00:02:40] [worker #19] Bootstrap tree #920, logLikelihood: -12293.753710
[00:02:40] [worker #59] Bootstrap tree #960, logLikelihood: -12038.996199
[00:02:40] [worker #15] Bootstrap tree #916, logLikelihood: -11924.666185
[00:02:40] [worker #82] Bootstrap tree #983, logLikelihood: -12171.420316
[00:02:40] [worker #62] Bootstrap tree #963, logLikelihood: -12060.630913
[00:02:40] [worker #6] Bootstrap tree #907, logLikelihood: -11929.613298
[00:02:40] [worker #63] Bootstrap tree #964, logLikelihood: -11802.864405
[00:02:40] [worker #18] Bootstrap tree #919, logLikelihood: -12092.286062
[00:02:41] [worker #29] Bootstrap tree #930, logLikelihood: -11736.255604
[00:02:41] [worker #76] Bootstrap tree #977, logLikelihood: -12128.781940
[00:02:41] [worker #35] Bootstrap tree #936, logLikelihood: -11999.009732
[00:02:41] [worker #8] Bootstrap tree #909, logLikelihood: -11799.173601
[00:02:41] [worker #1] Bootstrap tree #902, logLikelihood: -12054.508428
[00:02:41] [worker #5] Bootstrap tree #906, logLikelihood: -12009.846123
[00:02:41] [worker #25] Bootstrap tree #926, logLikelihood: -12362.632626
[00:02:41] [worker #9] Bootstrap tree #910, logLikelihood: -11719.554208
[00:02:41] [worker #14] Bootstrap tree #915, logLikelihood: -12071.857540
[00:02:41] [worker #77] Bootstrap tree #978, logLikelihood: -12114.131604
[00:02:41] [worker #41] Bootstrap tree #942, logLikelihood: -12066.981483
[00:02:41] [worker #4] Bootstrap tree #905, logLikelihood: -12227.823188
[00:02:41] [worker #22] Bootstrap tree #923, logLikelihood: -12190.547489
[00:02:41] [worker #2] Bootstrap tree #903, logLikelihood: -12081.791346
[00:02:41] [worker #86] Bootstrap tree #987, logLikelihood: -12429.277811
[00:02:41] [worker #51] Bootstrap tree #952, logLikelihood: -12204.373568
[00:02:41] [worker #55] Bootstrap tree #956, logLikelihood: -12085.577151
[00:02:41] [worker #36] Bootstrap tree #937, logLikelihood: -12283.238433
[00:02:41] [worker #58] Bootstrap tree #959, logLikelihood: -12234.415490
[00:02:41] [worker #72] Bootstrap tree #973, logLikelihood: -11861.338507
[00:02:41] [worker #33] Bootstrap tree #934, logLikelihood: -12086.376291
[00:02:41] [worker #17] Bootstrap tree #918, logLikelihood: -11917.837666
[00:02:41] [worker #49] Bootstrap tree #950, logLikelihood: -11946.185684
[00:02:41] [worker #66] Bootstrap tree #967, logLikelihood: -12124.134580
[00:02:41] [worker #81] Bootstrap tree #982, logLikelihood: -12157.254544
[00:02:41] [worker #53] Bootstrap tree #954, logLikelihood: -12120.534609
[00:02:41] [worker #48] Bootstrap tree #949, logLikelihood: -11973.997853
[00:02:41] [worker #26] Bootstrap tree #927, logLikelihood: -12285.765036
[00:02:41] [worker #60] Bootstrap tree #961, logLikelihood: -11962.417862
[00:02:42] [worker #20] Bootstrap tree #921, logLikelihood: -11763.650897
[00:02:42] [worker #75] Bootstrap tree #976, logLikelihood: -12256.904020
[00:02:42] [worker #57] Bootstrap tree #958, logLikelihood: -12030.382301
[00:02:42] [worker #67] Bootstrap tree #968, logLikelihood: -12355.481377
[00:02:42] [worker #37] Bootstrap tree #938, logLikelihood: -12086.866553
[00:02:42] [worker #21] Bootstrap tree #922, logLikelihood: -11973.026406
[00:02:42] [worker #56] Bootstrap tree #957, logLikelihood: -12879.411428
[00:02:42] [worker #11] Bootstrap tree #912, logLikelihood: -12092.686900
[00:02:42] [worker #68] Bootstrap tree #969, logLikelihood: -12165.015711
[00:02:42] [worker #24] Bootstrap tree #925, logLikelihood: -12119.069074
[00:02:42] [worker #64] Bootstrap tree #965, logLikelihood: -13083.163864
[00:02:42] [worker #16] Bootstrap tree #917, logLikelihood: -12253.441924
[00:02:42] [worker #52] Bootstrap tree #953, logLikelihood: -12127.344726
[00:02:43] [worker #34] Bootstrap tree #935, logLikelihood: -12041.812627
[00:02:43] [worker #0] Bootstrap tree #901, logLikelihood: -11924.199368
[00:02:43] [worker #69] Bootstrap tree #970, logLikelihood: -12198.504831
[00:02:46] [worker #80] Bootstrap tree #981, logLikelihood: -12151.485704
[00:02:49] [worker #6] Bootstrap tree #997, logLikelihood: -11900.804430
[00:02:49] [worker #8] Bootstrap tree #999, logLikelihood: -12186.236779
[00:02:49] [worker #7] Bootstrap tree #998, logLikelihood: -12019.364353
[00:02:50] [worker #3] Bootstrap tree #994, logLikelihood: -12166.202470
[00:02:50] [worker #2] Bootstrap tree #993, logLikelihood: -12166.572847
[00:02:50] [worker #5] Bootstrap tree #996, logLikelihood: -12059.765217
[00:02:50] [worker #9] Bootstrap tree #1000, logLikelihood: -11923.962703
[00:02:51] [worker #4] Bootstrap tree #995, logLikelihood: -12112.551497
[00:02:53] [worker #1] Bootstrap tree #992, logLikelihood: -11630.879928
[00:02:53] [worker #0] Bootstrap tree #991, logLikelihood: -12264.485862

Optimized model parameters:

   Partition 0: noname
   Rate heterogeneity: GAMMA (4 cats, mean),  alpha: 99.899087 (ML),  weights&rates: (0.250000,0.875845) (0.250000,0.964720) (0.250000,1.029563) (0.250000,1.129873) 
   Base frequencies (empirical): 0.281659 0.197047 0.179202 0.342092 
   Substitution rates (ML): 1.339986 4.951592 1.000000 1.339986 4.951592 1.000000 


Final LogLikelihood: -12118.619085

AIC score: 24451.238170 / AICc score: 24472.539553 / BIC score: 24995.250398
Free parameters (model + branch lengths): 107

WARNING: Best ML tree contains 8 near-zero branches!

Best ML tree with collapsed near-zero branches saved to: /home/chrf/Tetraparvo_tree/Phylogeny/All_Hprv4.raxml.bestTreeCollapsed
Best ML tree saved to: /home/chrf/Tetraparvo_tree/Phylogeny/All_Hprv4.raxml.bestTree
All ML trees saved to: /home/chrf/Tetraparvo_tree/Phylogeny/All_Hprv4.raxml.mlTrees
Best ML tree with Felsenstein bootstrap (FBP) support values saved to: /home/chrf/Tetraparvo_tree/Phylogeny/All_Hprv4.raxml.support
Optimized model saved to: /home/chrf/Tetraparvo_tree/Phylogeny/All_Hprv4.raxml.bestModel
Bootstrap trees saved to: /home/chrf/Tetraparvo_tree/Phylogeny/All_Hprv4.raxml.bootstraps

Execution log saved to: /home/chrf/Tetraparvo_tree/Phylogeny/All_Hprv4.raxml.log

Analysis started: 19-Apr-2022 15:58:48 / finished: 19-Apr-2022 16:01:42

Elapsed time: 173.971 seconds

